17:07:58.447 debug: 2025/4/1 17:07:58
17:07:58.448 debug: Project: D:\Users\cocos\MirClent
17:07:58.448 debug: Targets: editor,preview
17:07:58.452 debug: Packer deriver version file lost or format incorrect: Error: ENOENT: no such file or directory, open 'D:\Users\cocos\MirClent\temp\programming\packer-driver\VERSION'
17:07:58.452 debug: Clearing out the targets...
17:07:58.455 debug: Engine path: D:\ProgramData\cocos\editors\Creator\3.8.5\resources\resources\3d\engine
17:07:58.468 debug: Initializing target [Editor]
17:07:58.468 debug: Loading cache
17:07:58.468 debug: No record files found: Error: ENOENT: no such file or directory, open 'D:\Users\cocos\MirClent\temp\programming\packer-driver\targets\editor\main-record.json'
17:07:58.469 debug: Loading cache costs 0.5973000000012689ms.
17:07:58.469 debug: Engine features shipped in editor: base,gfx-webgl,gfx-webgl2,gfx-empty,gfx-webgpu,3d,animation,skeletal-animation,2d,ui,particle,particle-2d,physics-framework,physics-2d-framework,physics-2d-box2d-wasm,intersection-2d,primitive,profiler,occlusion-query,geometry-renderer,debug-renderer,audio,video,xr,light-probe,terrain,webview,tween,tiled-map,vendor-google,spine,dragon-bones,marionette,procedural-animation,custom-pipeline,custom-pipeline-builtin-scripts,custom-pipeline-post-process,legacy-pipeline,websocket,websocket-server,meshopt
17:07:58.469 debug: Our import map(foo:/bar): {
  "imports": {
    "cc": "cce:/internal/x/cc"
  }
}
17:07:58.469 debug: Initializing target [Preview]
17:07:58.469 debug: Loading cache
17:07:58.470 debug: No record files found: Error: ENOENT: no such file or directory, open 'D:\Users\cocos\MirClent\temp\programming\packer-driver\targets\preview\main-record.json'
17:07:58.470 debug: Loading cache costs 0.5663999999997031ms.
17:07:58.470 debug: Our import map(foo:/bar): {
  "imports": {
    "cc": "cce:/internal/x/cc"
  }
}
17:07:58.531 debug: Sync engine features: 2d,3d,animation,audio,base,custom-pipeline,dragon-bones,gfx-webgl,intersection-2d,light-probe,marionette,particle,particle-2d,physics-2d-box2d,physics-ammo,primitive,profiler,skeletal-animation,spine,terrain,tiled-map,tween,ui,video,websocket,webview
17:07:58.536 debug: Reset databases. Enumerated domains: [
  {
    "root": "db://internal/",
    "physical": "D:\\ProgramData\\cocos\\editors\\Creator\\3.8.5\\resources\\resources\\3d\\engine\\editor\\assets"
  },
  {
    "root": "db://assets/",
    "physical": "D:\\Users\\cocos\\MirClent\\assets"
  }
]
17:07:58.536 debug: Our import map(foo:/bar): {
  "imports": {
    "cc": "cce:/internal/x/cc",
    "db://internal/": "file:///D:/ProgramData/cocos/editors/Creator/3.8.5/resources/resources/3d/engine/editor/assets/",
    "db://assets/": "file:///D:/Users/cocos/MirClent/assets/"
  }
}
17:07:58.538 debug: Our import map(foo:/bar): {
  "imports": {
    "cc": "cce:/internal/x/cc",
    "db://internal/": "file:///D:/ProgramData/cocos/editors/Creator/3.8.5/resources/resources/3d/engine/editor/assets/",
    "db://assets/": "file:///D:/Users/cocos/MirClent/assets/"
  }
}
17:07:58.538 debug: Pulling asset-db.
17:07:58.545 debug: Fetch asset-db cost: 7.151300000001356ms.
17:07:58.547 debug: Build iteration starts.
Number of accumulated asset changes: 6
Feature changed: false
17:07:58.547 debug: Target(editor) build started.
17:07:58.550 debug: QuickPack.build, lock file failed!, workspace: D:\Users\cocos\MirClent\temp\programming\packer-driver\targets\editor, err: Error: ENOENT: no such file or directory, lstat 'D:\Users\cocos\MirClent\temp\programming\packer-driver\targets\editor'
17:07:58.550 debug: Inspect cce:/internal/x/cc
17:07:58.616 debug: transform url: 'cce:/internal/x/cc' costs: 65.70 ms
17:07:58.618 debug: Resolve cce:/internal/x/cc-fu/base from cce:/internal/x/cc as external dependency cce:/internal/x/cc-fu/base.
17:07:58.618 debug: Resolve cce:/internal/x/cc-fu/gfx-webgl from cce:/internal/x/cc as external dependency cce:/internal/x/cc-fu/gfx-webgl.
17:07:58.618 debug: Resolve cce:/internal/x/cc-fu/gfx-webgl2 from cce:/internal/x/cc as external dependency cce:/internal/x/cc-fu/gfx-webgl2.
17:07:58.619 debug: Resolve cce:/internal/x/cc-fu/gfx-empty from cce:/internal/x/cc as external dependency cce:/internal/x/cc-fu/gfx-empty.
17:07:58.619 debug: Resolve cce:/internal/x/cc-fu/gfx-webgpu from cce:/internal/x/cc as external dependency cce:/internal/x/cc-fu/gfx-webgpu.
17:07:58.619 debug: Resolve cce:/internal/x/cc-fu/3d from cce:/internal/x/cc as external dependency cce:/internal/x/cc-fu/3d.
17:07:58.619 debug: Resolve cce:/internal/x/cc-fu/animation from cce:/internal/x/cc as external dependency cce:/internal/x/cc-fu/animation.
17:07:58.619 debug: Resolve cce:/internal/x/cc-fu/skeletal-animation from cce:/internal/x/cc as external dependency cce:/internal/x/cc-fu/skeletal-animation.
17:07:58.619 debug: Resolve cce:/internal/x/cc-fu/2d from cce:/internal/x/cc as external dependency cce:/internal/x/cc-fu/2d.
17:07:58.619 debug: Resolve cce:/internal/x/cc-fu/sorting from cce:/internal/x/cc as external dependency cce:/internal/x/cc-fu/sorting.
17:07:58.619 debug: Resolve cce:/internal/x/cc-fu/ui from cce:/internal/x/cc as external dependency cce:/internal/x/cc-fu/ui.
17:07:58.619 debug: Resolve cce:/internal/x/cc-fu/particle from cce:/internal/x/cc as external dependency cce:/internal/x/cc-fu/particle.
17:07:58.619 debug: Resolve cce:/internal/x/cc-fu/particle-2d from cce:/internal/x/cc as external dependency cce:/internal/x/cc-fu/particle-2d.
17:07:58.619 debug: Resolve cce:/internal/x/cc-fu/physics-framework from cce:/internal/x/cc as external dependency cce:/internal/x/cc-fu/physics-framework.
17:07:58.619 debug: Resolve cce:/internal/x/cc-fu/physics-2d-framework from cce:/internal/x/cc as external dependency cce:/internal/x/cc-fu/physics-2d-framework.
17:07:58.619 debug: Resolve cce:/internal/x/cc-fu/physics-2d-box2d-wasm from cce:/internal/x/cc as external dependency cce:/internal/x/cc-fu/physics-2d-box2d-wasm.
17:07:58.619 debug: Resolve cce:/internal/x/cc-fu/intersection-2d from cce:/internal/x/cc as external dependency cce:/internal/x/cc-fu/intersection-2d.
17:07:58.619 debug: Resolve cce:/internal/x/cc-fu/primitive from cce:/internal/x/cc as external dependency cce:/internal/x/cc-fu/primitive.
17:07:58.619 debug: Resolve cce:/internal/x/cc-fu/profiler from cce:/internal/x/cc as external dependency cce:/internal/x/cc-fu/profiler.
17:07:58.620 debug: Resolve cce:/internal/x/cc-fu/geometry-renderer from cce:/internal/x/cc as external dependency cce:/internal/x/cc-fu/geometry-renderer.
17:07:58.620 debug: Resolve cce:/internal/x/cc-fu/audio from cce:/internal/x/cc as external dependency cce:/internal/x/cc-fu/audio.
17:07:58.620 debug: Resolve cce:/internal/x/cc-fu/video from cce:/internal/x/cc as external dependency cce:/internal/x/cc-fu/video.
17:07:58.620 debug: Resolve cce:/internal/x/cc-fu/xr from cce:/internal/x/cc as external dependency cce:/internal/x/cc-fu/xr.
17:07:58.620 debug: Resolve cce:/internal/x/cc-fu/light-probe from cce:/internal/x/cc as external dependency cce:/internal/x/cc-fu/light-probe.
17:07:58.620 debug: Resolve cce:/internal/x/cc-fu/terrain from cce:/internal/x/cc as external dependency cce:/internal/x/cc-fu/terrain.
17:07:58.620 debug: Resolve cce:/internal/x/cc-fu/webview from cce:/internal/x/cc as external dependency cce:/internal/x/cc-fu/webview.
17:07:58.620 debug: Resolve cce:/internal/x/cc-fu/tween from cce:/internal/x/cc as external dependency cce:/internal/x/cc-fu/tween.
17:07:58.620 debug: Resolve cce:/internal/x/cc-fu/tiled-map from cce:/internal/x/cc as external dependency cce:/internal/x/cc-fu/tiled-map.
17:07:58.620 debug: Resolve cce:/internal/x/cc-fu/vendor-google from cce:/internal/x/cc as external dependency cce:/internal/x/cc-fu/vendor-google.
17:07:58.620 debug: Resolve cce:/internal/x/cc-fu/spine from cce:/internal/x/cc as external dependency cce:/internal/x/cc-fu/spine.
17:07:58.620 debug: Resolve cce:/internal/x/cc-fu/dragon-bones from cce:/internal/x/cc as external dependency cce:/internal/x/cc-fu/dragon-bones.
17:07:58.620 debug: Resolve cce:/internal/x/cc-fu/custom-pipeline from cce:/internal/x/cc as external dependency cce:/internal/x/cc-fu/custom-pipeline.
17:07:58.620 debug: Resolve cce:/internal/x/cc-fu/custom-pipeline-post-process from cce:/internal/x/cc as external dependency cce:/internal/x/cc-fu/custom-pipeline-post-process.
17:07:58.620 debug: Resolve cce:/internal/x/cc-fu/legacy-pipeline from cce:/internal/x/cc as external dependency cce:/internal/x/cc-fu/legacy-pipeline.
17:07:58.620 debug: Inspect cce:/internal/x/prerequisite-imports
17:07:58.643 debug: transform url: 'cce:/internal/x/prerequisite-imports' costs: 22.10 ms
17:07:58.645 debug: Resolve file:///D:/ProgramData/cocos/editors/Creator/3.8.5/resources/resources/3d/engine/editor/assets/default_renderpipeline/builtin-dof-pass.ts from cce:/internal/x/prerequisite-imports as file:///D:/ProgramData/cocos/editors/Creator/3.8.5/resources/resources/3d/engine/editor/assets/default_renderpipeline/builtin-dof-pass.ts.
17:07:58.645 debug: Inspect file:///D:/ProgramData/cocos/editors/Creator/3.8.5/resources/resources/3d/engine/editor/assets/default_renderpipeline/builtin-dof-pass.ts
17:07:58.812 debug: transform url: 'file:///D:/ProgramData/cocos/editors/Creator/3.8.5/resources/resources/3d/engine/editor/assets/default_renderpipeline/builtin-dof-pass.ts' costs: 167.30 ms
17:07:58.815 debug: Resolve file:///D:/ProgramData/cocos/editors/Creator/3.8.5/resources/resources/3d/engine/editor/assets/default_renderpipeline/builtin-pipeline-pass.ts from cce:/internal/x/prerequisite-imports as file:///D:/ProgramData/cocos/editors/Creator/3.8.5/resources/resources/3d/engine/editor/assets/default_renderpipeline/builtin-pipeline-pass.ts.
17:07:58.815 debug: Inspect file:///D:/ProgramData/cocos/editors/Creator/3.8.5/resources/resources/3d/engine/editor/assets/default_renderpipeline/builtin-pipeline-pass.ts
17:07:58.867 debug: transform url: 'file:///D:/ProgramData/cocos/editors/Creator/3.8.5/resources/resources/3d/engine/editor/assets/default_renderpipeline/builtin-pipeline-pass.ts' costs: 52.10 ms
17:07:58.870 debug: Resolve file:///D:/ProgramData/cocos/editors/Creator/3.8.5/resources/resources/3d/engine/editor/assets/default_renderpipeline/builtin-pipeline-settings.ts from cce:/internal/x/prerequisite-imports as file:///D:/ProgramData/cocos/editors/Creator/3.8.5/resources/resources/3d/engine/editor/assets/default_renderpipeline/builtin-pipeline-settings.ts.
17:07:58.871 debug: Inspect file:///D:/ProgramData/cocos/editors/Creator/3.8.5/resources/resources/3d/engine/editor/assets/default_renderpipeline/builtin-pipeline-settings.ts
17:07:59.000 debug: transform url: 'file:///D:/ProgramData/cocos/editors/Creator/3.8.5/resources/resources/3d/engine/editor/assets/default_renderpipeline/builtin-pipeline-settings.ts' costs: 129.80 ms
17:07:59.004 debug: Resolve file:///D:/ProgramData/cocos/editors/Creator/3.8.5/resources/resources/3d/engine/editor/assets/default_renderpipeline/builtin-pipeline-types.ts from cce:/internal/x/prerequisite-imports as file:///D:/ProgramData/cocos/editors/Creator/3.8.5/resources/resources/3d/engine/editor/assets/default_renderpipeline/builtin-pipeline-types.ts.
17:07:59.004 debug: Inspect file:///D:/ProgramData/cocos/editors/Creator/3.8.5/resources/resources/3d/engine/editor/assets/default_renderpipeline/builtin-pipeline-types.ts
17:07:59.062 debug: transform url: 'file:///D:/ProgramData/cocos/editors/Creator/3.8.5/resources/resources/3d/engine/editor/assets/default_renderpipeline/builtin-pipeline-types.ts' costs: 57.90 ms
17:07:59.064 debug: Resolve file:///D:/ProgramData/cocos/editors/Creator/3.8.5/resources/resources/3d/engine/editor/assets/default_renderpipeline/builtin-pipeline.ts from cce:/internal/x/prerequisite-imports as file:///D:/ProgramData/cocos/editors/Creator/3.8.5/resources/resources/3d/engine/editor/assets/default_renderpipeline/builtin-pipeline.ts.
17:07:59.065 debug: Inspect file:///D:/ProgramData/cocos/editors/Creator/3.8.5/resources/resources/3d/engine/editor/assets/default_renderpipeline/builtin-pipeline.ts
17:07:59.414 debug: transform url: 'file:///D:/ProgramData/cocos/editors/Creator/3.8.5/resources/resources/3d/engine/editor/assets/default_renderpipeline/builtin-pipeline.ts' costs: 349.40 ms
17:07:59.417 debug: Resolve file:///D:/ProgramData/cocos/editors/Creator/3.8.5/resources/resources/3d/engine/editor/assets/tools/debug-view-runtime-control.ts from cce:/internal/x/prerequisite-imports as file:///D:/ProgramData/cocos/editors/Creator/3.8.5/resources/resources/3d/engine/editor/assets/tools/debug-view-runtime-control.ts.
17:07:59.417 debug: Inspect file:///D:/ProgramData/cocos/editors/Creator/3.8.5/resources/resources/3d/engine/editor/assets/tools/debug-view-runtime-control.ts
17:07:59.518 debug: transform url: 'file:///D:/ProgramData/cocos/editors/Creator/3.8.5/resources/resources/3d/engine/editor/assets/tools/debug-view-runtime-control.ts' costs: 100.00 ms
17:07:59.520 debug: Resolve cce:/internal/code-quality/cr.mjs from file:///D:/ProgramData/cocos/editors/Creator/3.8.5/resources/resources/3d/engine/editor/assets/default_renderpipeline/builtin-dof-pass.ts as cce:/internal/code-quality/cr.mjs.
17:07:59.520 debug: Inspect cce:/internal/code-quality/cr.mjs
17:07:59.543 debug: transform url: 'cce:/internal/code-quality/cr.mjs' costs: 22.70 ms
17:07:59.544 debug: Resolve cc from file:///D:/ProgramData/cocos/editors/Creator/3.8.5/resources/resources/3d/engine/editor/assets/default_renderpipeline/builtin-dof-pass.ts as cce:/internal/x/cc.
17:07:59.545 debug: Resolve cc from file:///D:/ProgramData/cocos/editors/Creator/3.8.5/resources/resources/3d/engine/editor/assets/default_renderpipeline/builtin-dof-pass.ts as cce:/internal/x/cc.
17:07:59.558 debug: Resolve cc from file:///D:/ProgramData/cocos/editors/Creator/3.8.5/resources/resources/3d/engine/editor/assets/default_renderpipeline/builtin-dof-pass.ts as cce:/internal/x/cc.
17:07:59.558 debug: Resolve cc/env from file:///D:/ProgramData/cocos/editors/Creator/3.8.5/resources/resources/3d/engine/editor/assets/default_renderpipeline/builtin-dof-pass.ts as external dependency cc/env.
17:07:59.560 debug: Resolve ./builtin-pipeline-settings from file:///D:/ProgramData/cocos/editors/Creator/3.8.5/resources/resources/3d/engine/editor/assets/default_renderpipeline/builtin-dof-pass.ts as file:///D:/ProgramData/cocos/editors/Creator/3.8.5/resources/resources/3d/engine/editor/assets/default_renderpipeline/builtin-pipeline-settings.ts.
17:07:59.562 debug: Resolve ./builtin-pipeline-pass from file:///D:/ProgramData/cocos/editors/Creator/3.8.5/resources/resources/3d/engine/editor/assets/default_renderpipeline/builtin-dof-pass.ts as file:///D:/ProgramData/cocos/editors/Creator/3.8.5/resources/resources/3d/engine/editor/assets/default_renderpipeline/builtin-pipeline-pass.ts.
17:07:59.563 debug: Resolve ./builtin-pipeline from file:///D:/ProgramData/cocos/editors/Creator/3.8.5/resources/resources/3d/engine/editor/assets/default_renderpipeline/builtin-dof-pass.ts as file:///D:/ProgramData/cocos/editors/Creator/3.8.5/resources/resources/3d/engine/editor/assets/default_renderpipeline/builtin-pipeline.ts.
17:07:59.563 debug: Resolve cce:/internal/code-quality/cr.mjs from file:///D:/ProgramData/cocos/editors/Creator/3.8.5/resources/resources/3d/engine/editor/assets/default_renderpipeline/builtin-pipeline-settings.ts as cce:/internal/code-quality/cr.mjs.
17:07:59.563 debug: Resolve cc from file:///D:/ProgramData/cocos/editors/Creator/3.8.5/resources/resources/3d/engine/editor/assets/default_renderpipeline/builtin-pipeline-settings.ts as cce:/internal/x/cc.
17:07:59.563 debug: Resolve cc from file:///D:/ProgramData/cocos/editors/Creator/3.8.5/resources/resources/3d/engine/editor/assets/default_renderpipeline/builtin-pipeline-settings.ts as cce:/internal/x/cc.
17:07:59.563 debug: Resolve cc from file:///D:/ProgramData/cocos/editors/Creator/3.8.5/resources/resources/3d/engine/editor/assets/default_renderpipeline/builtin-pipeline-settings.ts as cce:/internal/x/cc.
17:07:59.563 debug: Resolve cc/env from file:///D:/ProgramData/cocos/editors/Creator/3.8.5/resources/resources/3d/engine/editor/assets/default_renderpipeline/builtin-pipeline-settings.ts as external dependency cc/env.
17:07:59.564 debug: Resolve ./builtin-pipeline-types from file:///D:/ProgramData/cocos/editors/Creator/3.8.5/resources/resources/3d/engine/editor/assets/default_renderpipeline/builtin-pipeline-settings.ts as file:///D:/ProgramData/cocos/editors/Creator/3.8.5/resources/resources/3d/engine/editor/assets/default_renderpipeline/builtin-pipeline-types.ts.
17:07:59.564 debug: Resolve cc from file:///D:/ProgramData/cocos/editors/Creator/3.8.5/resources/resources/3d/engine/editor/assets/default_renderpipeline/builtin-pipeline-types.ts as cce:/internal/x/cc.
17:07:59.565 debug: Resolve cc from file:///D:/ProgramData/cocos/editors/Creator/3.8.5/resources/resources/3d/engine/editor/assets/default_renderpipeline/builtin-pipeline-types.ts as cce:/internal/x/cc.
17:07:59.565 debug: Resolve cc from file:///D:/ProgramData/cocos/editors/Creator/3.8.5/resources/resources/3d/engine/editor/assets/default_renderpipeline/builtin-pipeline-types.ts as cce:/internal/x/cc.
17:07:59.565 debug: Resolve cce:/internal/code-quality/cr.mjs from file:///D:/ProgramData/cocos/editors/Creator/3.8.5/resources/resources/3d/engine/editor/assets/default_renderpipeline/builtin-pipeline-pass.ts as cce:/internal/code-quality/cr.mjs.
17:07:59.565 debug: Resolve cc from file:///D:/ProgramData/cocos/editors/Creator/3.8.5/resources/resources/3d/engine/editor/assets/default_renderpipeline/builtin-pipeline-pass.ts as cce:/internal/x/cc.
17:07:59.565 debug: Resolve cc from file:///D:/ProgramData/cocos/editors/Creator/3.8.5/resources/resources/3d/engine/editor/assets/default_renderpipeline/builtin-pipeline-pass.ts as cce:/internal/x/cc.
17:07:59.565 debug: Resolve cc from file:///D:/ProgramData/cocos/editors/Creator/3.8.5/resources/resources/3d/engine/editor/assets/default_renderpipeline/builtin-pipeline-pass.ts as cce:/internal/x/cc.
17:07:59.566 debug: Resolve ./builtin-pipeline-settings from file:///D:/ProgramData/cocos/editors/Creator/3.8.5/resources/resources/3d/engine/editor/assets/default_renderpipeline/builtin-pipeline-pass.ts as file:///D:/ProgramData/cocos/editors/Creator/3.8.5/resources/resources/3d/engine/editor/assets/default_renderpipeline/builtin-pipeline-settings.ts.
17:07:59.566 debug: Resolve cc/env from file:///D:/ProgramData/cocos/editors/Creator/3.8.5/resources/resources/3d/engine/editor/assets/default_renderpipeline/builtin-pipeline-pass.ts as external dependency cc/env.
17:07:59.566 debug: Resolve cce:/internal/code-quality/cr.mjs from file:///D:/ProgramData/cocos/editors/Creator/3.8.5/resources/resources/3d/engine/editor/assets/default_renderpipeline/builtin-pipeline.ts as cce:/internal/code-quality/cr.mjs.
17:07:59.566 debug: Resolve cc from file:///D:/ProgramData/cocos/editors/Creator/3.8.5/resources/resources/3d/engine/editor/assets/default_renderpipeline/builtin-pipeline.ts as cce:/internal/x/cc.
17:07:59.566 debug: Resolve cc from file:///D:/ProgramData/cocos/editors/Creator/3.8.5/resources/resources/3d/engine/editor/assets/default_renderpipeline/builtin-pipeline.ts as cce:/internal/x/cc.
17:07:59.566 debug: Resolve cc from file:///D:/ProgramData/cocos/editors/Creator/3.8.5/resources/resources/3d/engine/editor/assets/default_renderpipeline/builtin-pipeline.ts as cce:/internal/x/cc.
17:07:59.566 debug: Resolve cc/env from file:///D:/ProgramData/cocos/editors/Creator/3.8.5/resources/resources/3d/engine/editor/assets/default_renderpipeline/builtin-pipeline.ts as external dependency cc/env.
17:07:59.567 debug: Resolve ./builtin-pipeline-types from file:///D:/ProgramData/cocos/editors/Creator/3.8.5/resources/resources/3d/engine/editor/assets/default_renderpipeline/builtin-pipeline.ts as file:///D:/ProgramData/cocos/editors/Creator/3.8.5/resources/resources/3d/engine/editor/assets/default_renderpipeline/builtin-pipeline-types.ts.
17:07:59.567 debug: Resolve cc from file:///D:/ProgramData/cocos/editors/Creator/3.8.5/resources/resources/3d/engine/editor/assets/tools/debug-view-runtime-control.ts as cce:/internal/x/cc.
17:07:59.567 debug: Resolve cc from file:///D:/ProgramData/cocos/editors/Creator/3.8.5/resources/resources/3d/engine/editor/assets/tools/debug-view-runtime-control.ts as cce:/internal/x/cc.
17:07:59.567 debug: Resolve cc from file:///D:/ProgramData/cocos/editors/Creator/3.8.5/resources/resources/3d/engine/editor/assets/tools/debug-view-runtime-control.ts as cce:/internal/x/cc.
17:07:59.576 debug: Target(editor) ends with cost 1028.6889999999985ms.
17:07:59.576 debug: Target(preview) build started.
17:07:59.579 debug: QuickPack.build, lock file failed!, workspace: D:\Users\cocos\MirClent\temp\programming\packer-driver\targets\preview, err: Error: ENOENT: no such file or directory, lstat 'D:\Users\cocos\MirClent\temp\programming\packer-driver\targets\preview'
17:07:59.579 debug: Inspect cce:/internal/x/cc
17:07:59.611 debug: transform url: 'cce:/internal/x/cc' costs: 32.40 ms
17:07:59.613 debug: Resolve cce:/internal/x/cc-fu/2d from cce:/internal/x/cc as external dependency cce:/internal/x/cc-fu/2d.
17:07:59.614 debug: Resolve cce:/internal/x/cc-fu/sorting from cce:/internal/x/cc as external dependency cce:/internal/x/cc-fu/sorting.
17:07:59.614 debug: Resolve cce:/internal/x/cc-fu/3d from cce:/internal/x/cc as external dependency cce:/internal/x/cc-fu/3d.
17:07:59.614 debug: Resolve cce:/internal/x/cc-fu/animation from cce:/internal/x/cc as external dependency cce:/internal/x/cc-fu/animation.
17:07:59.614 debug: Resolve cce:/internal/x/cc-fu/audio from cce:/internal/x/cc as external dependency cce:/internal/x/cc-fu/audio.
17:07:59.614 debug: Resolve cce:/internal/x/cc-fu/base from cce:/internal/x/cc as external dependency cce:/internal/x/cc-fu/base.
17:07:59.614 debug: Resolve cce:/internal/x/cc-fu/custom-pipeline from cce:/internal/x/cc as external dependency cce:/internal/x/cc-fu/custom-pipeline.
17:07:59.614 debug: Resolve cce:/internal/x/cc-fu/dragon-bones from cce:/internal/x/cc as external dependency cce:/internal/x/cc-fu/dragon-bones.
17:07:59.614 debug: Resolve cce:/internal/x/cc-fu/gfx-webgl from cce:/internal/x/cc as external dependency cce:/internal/x/cc-fu/gfx-webgl.
17:07:59.615 debug: Resolve cce:/internal/x/cc-fu/intersection-2d from cce:/internal/x/cc as external dependency cce:/internal/x/cc-fu/intersection-2d.
17:07:59.615 debug: Resolve cce:/internal/x/cc-fu/light-probe from cce:/internal/x/cc as external dependency cce:/internal/x/cc-fu/light-probe.
17:07:59.615 debug: Resolve cce:/internal/x/cc-fu/particle from cce:/internal/x/cc as external dependency cce:/internal/x/cc-fu/particle.
17:07:59.615 debug: Resolve cce:/internal/x/cc-fu/particle-2d from cce:/internal/x/cc as external dependency cce:/internal/x/cc-fu/particle-2d.
17:07:59.615 debug: Resolve cce:/internal/x/cc-fu/physics-2d-box2d from cce:/internal/x/cc as external dependency cce:/internal/x/cc-fu/physics-2d-box2d.
17:07:59.615 debug: Resolve cce:/internal/x/cc-fu/physics-2d-framework from cce:/internal/x/cc as external dependency cce:/internal/x/cc-fu/physics-2d-framework.
17:07:59.615 debug: Resolve cce:/internal/x/cc-fu/physics-ammo from cce:/internal/x/cc as external dependency cce:/internal/x/cc-fu/physics-ammo.
17:07:59.615 debug: Resolve cce:/internal/x/cc-fu/physics-framework from cce:/internal/x/cc as external dependency cce:/internal/x/cc-fu/physics-framework.
17:07:59.615 debug: Resolve cce:/internal/x/cc-fu/primitive from cce:/internal/x/cc as external dependency cce:/internal/x/cc-fu/primitive.
17:07:59.615 debug: Resolve cce:/internal/x/cc-fu/profiler from cce:/internal/x/cc as external dependency cce:/internal/x/cc-fu/profiler.
17:07:59.615 debug: Resolve cce:/internal/x/cc-fu/skeletal-animation from cce:/internal/x/cc as external dependency cce:/internal/x/cc-fu/skeletal-animation.
17:07:59.615 debug: Resolve cce:/internal/x/cc-fu/spine from cce:/internal/x/cc as external dependency cce:/internal/x/cc-fu/spine.
17:07:59.615 debug: Resolve cce:/internal/x/cc-fu/terrain from cce:/internal/x/cc as external dependency cce:/internal/x/cc-fu/terrain.
17:07:59.615 debug: Resolve cce:/internal/x/cc-fu/tiled-map from cce:/internal/x/cc as external dependency cce:/internal/x/cc-fu/tiled-map.
17:07:59.615 debug: Resolve cce:/internal/x/cc-fu/tween from cce:/internal/x/cc as external dependency cce:/internal/x/cc-fu/tween.
17:07:59.616 debug: Resolve cce:/internal/x/cc-fu/ui from cce:/internal/x/cc as external dependency cce:/internal/x/cc-fu/ui.
17:07:59.616 debug: Resolve cce:/internal/x/cc-fu/video from cce:/internal/x/cc as external dependency cce:/internal/x/cc-fu/video.
17:07:59.616 debug: Resolve cce:/internal/x/cc-fu/webview from cce:/internal/x/cc as external dependency cce:/internal/x/cc-fu/webview.
17:07:59.616 debug: Inspect cce:/internal/x/prerequisite-imports
17:07:59.627 debug: transform url: 'cce:/internal/x/prerequisite-imports' costs: 11.50 ms
17:07:59.629 debug: Resolve file:///D:/ProgramData/cocos/editors/Creator/3.8.5/resources/resources/3d/engine/editor/assets/default_renderpipeline/builtin-dof-pass.ts from cce:/internal/x/prerequisite-imports as file:///D:/ProgramData/cocos/editors/Creator/3.8.5/resources/resources/3d/engine/editor/assets/default_renderpipeline/builtin-dof-pass.ts.
17:07:59.629 debug: Inspect file:///D:/ProgramData/cocos/editors/Creator/3.8.5/resources/resources/3d/engine/editor/assets/default_renderpipeline/builtin-dof-pass.ts
17:07:59.717 debug: transform url: 'file:///D:/ProgramData/cocos/editors/Creator/3.8.5/resources/resources/3d/engine/editor/assets/default_renderpipeline/builtin-dof-pass.ts' costs: 87.80 ms
17:07:59.719 debug: Resolve file:///D:/ProgramData/cocos/editors/Creator/3.8.5/resources/resources/3d/engine/editor/assets/default_renderpipeline/builtin-pipeline-pass.ts from cce:/internal/x/prerequisite-imports as file:///D:/ProgramData/cocos/editors/Creator/3.8.5/resources/resources/3d/engine/editor/assets/default_renderpipeline/builtin-pipeline-pass.ts.
17:07:59.719 debug: Inspect file:///D:/ProgramData/cocos/editors/Creator/3.8.5/resources/resources/3d/engine/editor/assets/default_renderpipeline/builtin-pipeline-pass.ts
17:07:59.755 debug: transform url: 'file:///D:/ProgramData/cocos/editors/Creator/3.8.5/resources/resources/3d/engine/editor/assets/default_renderpipeline/builtin-pipeline-pass.ts' costs: 35.50 ms
17:07:59.756 debug: Resolve file:///D:/ProgramData/cocos/editors/Creator/3.8.5/resources/resources/3d/engine/editor/assets/default_renderpipeline/builtin-pipeline-settings.ts from cce:/internal/x/prerequisite-imports as file:///D:/ProgramData/cocos/editors/Creator/3.8.5/resources/resources/3d/engine/editor/assets/default_renderpipeline/builtin-pipeline-settings.ts.
17:07:59.757 debug: Inspect file:///D:/ProgramData/cocos/editors/Creator/3.8.5/resources/resources/3d/engine/editor/assets/default_renderpipeline/builtin-pipeline-settings.ts
17:07:59.901 debug: transform url: 'file:///D:/ProgramData/cocos/editors/Creator/3.8.5/resources/resources/3d/engine/editor/assets/default_renderpipeline/builtin-pipeline-settings.ts' costs: 144.40 ms
17:07:59.903 debug: Resolve file:///D:/ProgramData/cocos/editors/Creator/3.8.5/resources/resources/3d/engine/editor/assets/default_renderpipeline/builtin-pipeline-types.ts from cce:/internal/x/prerequisite-imports as file:///D:/ProgramData/cocos/editors/Creator/3.8.5/resources/resources/3d/engine/editor/assets/default_renderpipeline/builtin-pipeline-types.ts.
17:07:59.903 debug: Inspect file:///D:/ProgramData/cocos/editors/Creator/3.8.5/resources/resources/3d/engine/editor/assets/default_renderpipeline/builtin-pipeline-types.ts
17:07:59.952 debug: transform url: 'file:///D:/ProgramData/cocos/editors/Creator/3.8.5/resources/resources/3d/engine/editor/assets/default_renderpipeline/builtin-pipeline-types.ts' costs: 49.00 ms
17:07:59.954 debug: Resolve file:///D:/ProgramData/cocos/editors/Creator/3.8.5/resources/resources/3d/engine/editor/assets/default_renderpipeline/builtin-pipeline.ts from cce:/internal/x/prerequisite-imports as file:///D:/ProgramData/cocos/editors/Creator/3.8.5/resources/resources/3d/engine/editor/assets/default_renderpipeline/builtin-pipeline.ts.
17:07:59.954 debug: Inspect file:///D:/ProgramData/cocos/editors/Creator/3.8.5/resources/resources/3d/engine/editor/assets/default_renderpipeline/builtin-pipeline.ts
17:08:00.305 debug: transform url: 'file:///D:/ProgramData/cocos/editors/Creator/3.8.5/resources/resources/3d/engine/editor/assets/default_renderpipeline/builtin-pipeline.ts' costs: 350.70 ms
17:08:00.308 debug: Resolve file:///D:/ProgramData/cocos/editors/Creator/3.8.5/resources/resources/3d/engine/editor/assets/tools/debug-view-runtime-control.ts from cce:/internal/x/prerequisite-imports as file:///D:/ProgramData/cocos/editors/Creator/3.8.5/resources/resources/3d/engine/editor/assets/tools/debug-view-runtime-control.ts.
17:08:00.308 debug: Inspect file:///D:/ProgramData/cocos/editors/Creator/3.8.5/resources/resources/3d/engine/editor/assets/tools/debug-view-runtime-control.ts
17:08:00.466 debug: transform url: 'file:///D:/ProgramData/cocos/editors/Creator/3.8.5/resources/resources/3d/engine/editor/assets/tools/debug-view-runtime-control.ts' costs: 157.90 ms
17:08:00.469 debug: Resolve cce:/internal/code-quality/cr.mjs from file:///D:/ProgramData/cocos/editors/Creator/3.8.5/resources/resources/3d/engine/editor/assets/default_renderpipeline/builtin-dof-pass.ts as cce:/internal/code-quality/cr.mjs.
17:08:00.469 debug: Inspect cce:/internal/code-quality/cr.mjs
17:08:00.485 debug: transform url: 'cce:/internal/code-quality/cr.mjs' costs: 15.50 ms
17:08:00.486 debug: Resolve cc from file:///D:/ProgramData/cocos/editors/Creator/3.8.5/resources/resources/3d/engine/editor/assets/default_renderpipeline/builtin-dof-pass.ts as cce:/internal/x/cc.
17:08:00.486 debug: Resolve cc from file:///D:/ProgramData/cocos/editors/Creator/3.8.5/resources/resources/3d/engine/editor/assets/default_renderpipeline/builtin-dof-pass.ts as cce:/internal/x/cc.
17:08:00.487 debug: Resolve cc from file:///D:/ProgramData/cocos/editors/Creator/3.8.5/resources/resources/3d/engine/editor/assets/default_renderpipeline/builtin-dof-pass.ts as cce:/internal/x/cc.
17:08:00.487 debug: Resolve cc/env from file:///D:/ProgramData/cocos/editors/Creator/3.8.5/resources/resources/3d/engine/editor/assets/default_renderpipeline/builtin-dof-pass.ts as external dependency cc/env.
17:08:00.489 debug: Resolve ./builtin-pipeline-settings from file:///D:/ProgramData/cocos/editors/Creator/3.8.5/resources/resources/3d/engine/editor/assets/default_renderpipeline/builtin-dof-pass.ts as file:///D:/ProgramData/cocos/editors/Creator/3.8.5/resources/resources/3d/engine/editor/assets/default_renderpipeline/builtin-pipeline-settings.ts.
17:08:00.490 debug: Resolve ./builtin-pipeline-pass from file:///D:/ProgramData/cocos/editors/Creator/3.8.5/resources/resources/3d/engine/editor/assets/default_renderpipeline/builtin-dof-pass.ts as file:///D:/ProgramData/cocos/editors/Creator/3.8.5/resources/resources/3d/engine/editor/assets/default_renderpipeline/builtin-pipeline-pass.ts.
17:08:00.490 debug: Resolve ./builtin-pipeline from file:///D:/ProgramData/cocos/editors/Creator/3.8.5/resources/resources/3d/engine/editor/assets/default_renderpipeline/builtin-dof-pass.ts as file:///D:/ProgramData/cocos/editors/Creator/3.8.5/resources/resources/3d/engine/editor/assets/default_renderpipeline/builtin-pipeline.ts.
17:08:00.491 debug: Resolve cce:/internal/code-quality/cr.mjs from file:///D:/ProgramData/cocos/editors/Creator/3.8.5/resources/resources/3d/engine/editor/assets/default_renderpipeline/builtin-pipeline-settings.ts as cce:/internal/code-quality/cr.mjs.
17:08:00.491 debug: Resolve cc from file:///D:/ProgramData/cocos/editors/Creator/3.8.5/resources/resources/3d/engine/editor/assets/default_renderpipeline/builtin-pipeline-settings.ts as cce:/internal/x/cc.
17:08:00.491 debug: Resolve cc from file:///D:/ProgramData/cocos/editors/Creator/3.8.5/resources/resources/3d/engine/editor/assets/default_renderpipeline/builtin-pipeline-settings.ts as cce:/internal/x/cc.
17:08:00.491 debug: Resolve cc from file:///D:/ProgramData/cocos/editors/Creator/3.8.5/resources/resources/3d/engine/editor/assets/default_renderpipeline/builtin-pipeline-settings.ts as cce:/internal/x/cc.
17:08:00.491 debug: Resolve cc/env from file:///D:/ProgramData/cocos/editors/Creator/3.8.5/resources/resources/3d/engine/editor/assets/default_renderpipeline/builtin-pipeline-settings.ts as external dependency cc/env.
17:08:00.491 debug: Resolve ./builtin-pipeline-types from file:///D:/ProgramData/cocos/editors/Creator/3.8.5/resources/resources/3d/engine/editor/assets/default_renderpipeline/builtin-pipeline-settings.ts as file:///D:/ProgramData/cocos/editors/Creator/3.8.5/resources/resources/3d/engine/editor/assets/default_renderpipeline/builtin-pipeline-types.ts.
17:08:00.491 debug: Resolve cc from file:///D:/ProgramData/cocos/editors/Creator/3.8.5/resources/resources/3d/engine/editor/assets/default_renderpipeline/builtin-pipeline-types.ts as cce:/internal/x/cc.
17:08:00.492 debug: Resolve cc from file:///D:/ProgramData/cocos/editors/Creator/3.8.5/resources/resources/3d/engine/editor/assets/default_renderpipeline/builtin-pipeline-types.ts as cce:/internal/x/cc.
17:08:00.492 debug: Resolve cc from file:///D:/ProgramData/cocos/editors/Creator/3.8.5/resources/resources/3d/engine/editor/assets/default_renderpipeline/builtin-pipeline-types.ts as cce:/internal/x/cc.
17:08:00.492 debug: Resolve cce:/internal/code-quality/cr.mjs from file:///D:/ProgramData/cocos/editors/Creator/3.8.5/resources/resources/3d/engine/editor/assets/default_renderpipeline/builtin-pipeline-pass.ts as cce:/internal/code-quality/cr.mjs.
17:08:00.492 debug: Resolve cc from file:///D:/ProgramData/cocos/editors/Creator/3.8.5/resources/resources/3d/engine/editor/assets/default_renderpipeline/builtin-pipeline-pass.ts as cce:/internal/x/cc.
17:08:00.492 debug: Resolve cc from file:///D:/ProgramData/cocos/editors/Creator/3.8.5/resources/resources/3d/engine/editor/assets/default_renderpipeline/builtin-pipeline-pass.ts as cce:/internal/x/cc.
17:08:00.492 debug: Resolve cc from file:///D:/ProgramData/cocos/editors/Creator/3.8.5/resources/resources/3d/engine/editor/assets/default_renderpipeline/builtin-pipeline-pass.ts as cce:/internal/x/cc.
17:08:00.493 debug: Resolve ./builtin-pipeline-settings from file:///D:/ProgramData/cocos/editors/Creator/3.8.5/resources/resources/3d/engine/editor/assets/default_renderpipeline/builtin-pipeline-pass.ts as file:///D:/ProgramData/cocos/editors/Creator/3.8.5/resources/resources/3d/engine/editor/assets/default_renderpipeline/builtin-pipeline-settings.ts.
17:08:00.493 debug: Resolve cc/env from file:///D:/ProgramData/cocos/editors/Creator/3.8.5/resources/resources/3d/engine/editor/assets/default_renderpipeline/builtin-pipeline-pass.ts as external dependency cc/env.
17:08:00.493 debug: Resolve cce:/internal/code-quality/cr.mjs from file:///D:/ProgramData/cocos/editors/Creator/3.8.5/resources/resources/3d/engine/editor/assets/default_renderpipeline/builtin-pipeline.ts as cce:/internal/code-quality/cr.mjs.
17:08:00.493 debug: Resolve cc from file:///D:/ProgramData/cocos/editors/Creator/3.8.5/resources/resources/3d/engine/editor/assets/default_renderpipeline/builtin-pipeline.ts as cce:/internal/x/cc.
17:08:00.493 debug: Resolve cc from file:///D:/ProgramData/cocos/editors/Creator/3.8.5/resources/resources/3d/engine/editor/assets/default_renderpipeline/builtin-pipeline.ts as cce:/internal/x/cc.
17:08:00.493 debug: Resolve cc from file:///D:/ProgramData/cocos/editors/Creator/3.8.5/resources/resources/3d/engine/editor/assets/default_renderpipeline/builtin-pipeline.ts as cce:/internal/x/cc.
17:08:00.493 debug: Resolve cc/env from file:///D:/ProgramData/cocos/editors/Creator/3.8.5/resources/resources/3d/engine/editor/assets/default_renderpipeline/builtin-pipeline.ts as external dependency cc/env.
17:08:00.494 debug: Resolve ./builtin-pipeline-types from file:///D:/ProgramData/cocos/editors/Creator/3.8.5/resources/resources/3d/engine/editor/assets/default_renderpipeline/builtin-pipeline.ts as file:///D:/ProgramData/cocos/editors/Creator/3.8.5/resources/resources/3d/engine/editor/assets/default_renderpipeline/builtin-pipeline-types.ts.
17:08:00.494 debug: Resolve cc from file:///D:/ProgramData/cocos/editors/Creator/3.8.5/resources/resources/3d/engine/editor/assets/tools/debug-view-runtime-control.ts as cce:/internal/x/cc.
17:08:00.494 debug: Resolve cc from file:///D:/ProgramData/cocos/editors/Creator/3.8.5/resources/resources/3d/engine/editor/assets/tools/debug-view-runtime-control.ts as cce:/internal/x/cc.
17:08:00.494 debug: Resolve cc from file:///D:/ProgramData/cocos/editors/Creator/3.8.5/resources/resources/3d/engine/editor/assets/tools/debug-view-runtime-control.ts as cce:/internal/x/cc.
17:08:00.502 debug: Target(preview) ends with cost 925.1186999999991ms.
17:08:11.680 debug: Pulling asset-db.
17:08:12.425 debug: Fetch asset-db cost: 744.5271999999968ms.
17:08:12.426 debug: Build iteration starts.
Number of accumulated asset changes: 6
Feature changed: false
17:08:12.427 debug: Target(editor) build started.
17:08:12.431 debug: Detected change: cce:/internal/x/prerequisite-imports. Last mtime: Thu Jan 01 1970 08:00:25 GMT+0800 (中国标准时间), Current mtime: Thu Jan 01 1970 08:00:39 GMT+0800 (中国标准时间)
17:08:12.431 debug: Inspect cce:/internal/x/prerequisite-imports
17:08:12.450 debug: transform url: 'cce:/internal/x/prerequisite-imports' costs: 18.40 ms
17:08:12.451 debug: Resolve file:///D:/ProgramData/cocos/editors/Creator/3.8.5/resources/resources/3d/engine/editor/assets/default_renderpipeline/builtin-dof-pass.ts from cce:/internal/x/prerequisite-imports as file:///D:/ProgramData/cocos/editors/Creator/3.8.5/resources/resources/3d/engine/editor/assets/default_renderpipeline/builtin-dof-pass.ts.
17:08:12.452 debug: Resolve file:///D:/ProgramData/cocos/editors/Creator/3.8.5/resources/resources/3d/engine/editor/assets/default_renderpipeline/builtin-pipeline-pass.ts from cce:/internal/x/prerequisite-imports as file:///D:/ProgramData/cocos/editors/Creator/3.8.5/resources/resources/3d/engine/editor/assets/default_renderpipeline/builtin-pipeline-pass.ts.
17:08:12.453 debug: Resolve file:///D:/ProgramData/cocos/editors/Creator/3.8.5/resources/resources/3d/engine/editor/assets/default_renderpipeline/builtin-pipeline-settings.ts from cce:/internal/x/prerequisite-imports as file:///D:/ProgramData/cocos/editors/Creator/3.8.5/resources/resources/3d/engine/editor/assets/default_renderpipeline/builtin-pipeline-settings.ts.
17:08:12.455 debug: Resolve file:///D:/ProgramData/cocos/editors/Creator/3.8.5/resources/resources/3d/engine/editor/assets/default_renderpipeline/builtin-pipeline-types.ts from cce:/internal/x/prerequisite-imports as file:///D:/ProgramData/cocos/editors/Creator/3.8.5/resources/resources/3d/engine/editor/assets/default_renderpipeline/builtin-pipeline-types.ts.
17:08:12.456 debug: Resolve file:///D:/ProgramData/cocos/editors/Creator/3.8.5/resources/resources/3d/engine/editor/assets/default_renderpipeline/builtin-pipeline.ts from cce:/internal/x/prerequisite-imports as file:///D:/ProgramData/cocos/editors/Creator/3.8.5/resources/resources/3d/engine/editor/assets/default_renderpipeline/builtin-pipeline.ts.
17:08:12.458 debug: Resolve file:///D:/ProgramData/cocos/editors/Creator/3.8.5/resources/resources/3d/engine/editor/assets/tools/debug-view-runtime-control.ts from cce:/internal/x/prerequisite-imports as file:///D:/ProgramData/cocos/editors/Creator/3.8.5/resources/resources/3d/engine/editor/assets/tools/debug-view-runtime-control.ts.
17:08:12.468 debug: Target(editor) ends with cost 40.94339999999647ms.
17:08:12.469 debug: Target(preview) build started.
17:08:12.472 debug: Detected change: cce:/internal/x/prerequisite-imports. Last mtime: Thu Jan 01 1970 08:00:26 GMT+0800 (中国标准时间), Current mtime: Thu Jan 01 1970 08:00:39 GMT+0800 (中国标准时间)
17:08:12.472 debug: Inspect cce:/internal/x/prerequisite-imports
17:08:12.488 debug: transform url: 'cce:/internal/x/prerequisite-imports' costs: 15.50 ms
17:08:12.489 debug: Resolve file:///D:/ProgramData/cocos/editors/Creator/3.8.5/resources/resources/3d/engine/editor/assets/default_renderpipeline/builtin-dof-pass.ts from cce:/internal/x/prerequisite-imports as file:///D:/ProgramData/cocos/editors/Creator/3.8.5/resources/resources/3d/engine/editor/assets/default_renderpipeline/builtin-dof-pass.ts.
17:08:12.490 debug: Resolve file:///D:/ProgramData/cocos/editors/Creator/3.8.5/resources/resources/3d/engine/editor/assets/default_renderpipeline/builtin-pipeline-pass.ts from cce:/internal/x/prerequisite-imports as file:///D:/ProgramData/cocos/editors/Creator/3.8.5/resources/resources/3d/engine/editor/assets/default_renderpipeline/builtin-pipeline-pass.ts.
17:08:12.491 debug: Resolve file:///D:/ProgramData/cocos/editors/Creator/3.8.5/resources/resources/3d/engine/editor/assets/default_renderpipeline/builtin-pipeline-settings.ts from cce:/internal/x/prerequisite-imports as file:///D:/ProgramData/cocos/editors/Creator/3.8.5/resources/resources/3d/engine/editor/assets/default_renderpipeline/builtin-pipeline-settings.ts.
17:08:12.491 debug: Resolve file:///D:/ProgramData/cocos/editors/Creator/3.8.5/resources/resources/3d/engine/editor/assets/default_renderpipeline/builtin-pipeline-types.ts from cce:/internal/x/prerequisite-imports as file:///D:/ProgramData/cocos/editors/Creator/3.8.5/resources/resources/3d/engine/editor/assets/default_renderpipeline/builtin-pipeline-types.ts.
17:08:12.492 debug: Resolve file:///D:/ProgramData/cocos/editors/Creator/3.8.5/resources/resources/3d/engine/editor/assets/default_renderpipeline/builtin-pipeline.ts from cce:/internal/x/prerequisite-imports as file:///D:/ProgramData/cocos/editors/Creator/3.8.5/resources/resources/3d/engine/editor/assets/default_renderpipeline/builtin-pipeline.ts.
17:08:12.492 debug: Resolve file:///D:/ProgramData/cocos/editors/Creator/3.8.5/resources/resources/3d/engine/editor/assets/tools/debug-view-runtime-control.ts from cce:/internal/x/prerequisite-imports as file:///D:/ProgramData/cocos/editors/Creator/3.8.5/resources/resources/3d/engine/editor/assets/tools/debug-view-runtime-control.ts.
17:08:12.501 debug: Target(preview) ends with cost 32.464200000002165ms.
17:27:43.706 debug: Dispatch build request for time accumulated 1 asset changes.
17:27:43.708 debug: Build iteration starts.
Number of accumulated asset changes: 1
Feature changed: false
17:27:43.709 debug: Target(editor) build started.
17:27:43.712 debug: Detected change: cce:/internal/x/prerequisite-imports. Last mtime: Thu Jan 01 1970 08:00:39 GMT+0800 (中国标准时间), Current mtime: Thu Jan 01 1970 08:20:11 GMT+0800 (中国标准时间)
17:27:43.712 debug: Inspect cce:/internal/x/prerequisite-imports
17:27:43.728 debug: transform url: 'cce:/internal/x/prerequisite-imports' costs: 15.20 ms
17:27:43.729 debug: Resolve file:///D:/ProgramData/cocos/editors/Creator/3.8.5/resources/resources/3d/engine/editor/assets/default_renderpipeline/builtin-dof-pass.ts from cce:/internal/x/prerequisite-imports as file:///D:/ProgramData/cocos/editors/Creator/3.8.5/resources/resources/3d/engine/editor/assets/default_renderpipeline/builtin-dof-pass.ts.
17:27:43.730 debug: Resolve file:///D:/ProgramData/cocos/editors/Creator/3.8.5/resources/resources/3d/engine/editor/assets/default_renderpipeline/builtin-pipeline-pass.ts from cce:/internal/x/prerequisite-imports as file:///D:/ProgramData/cocos/editors/Creator/3.8.5/resources/resources/3d/engine/editor/assets/default_renderpipeline/builtin-pipeline-pass.ts.
17:27:43.731 debug: Resolve file:///D:/ProgramData/cocos/editors/Creator/3.8.5/resources/resources/3d/engine/editor/assets/default_renderpipeline/builtin-pipeline-settings.ts from cce:/internal/x/prerequisite-imports as file:///D:/ProgramData/cocos/editors/Creator/3.8.5/resources/resources/3d/engine/editor/assets/default_renderpipeline/builtin-pipeline-settings.ts.
17:27:43.732 debug: Resolve file:///D:/ProgramData/cocos/editors/Creator/3.8.5/resources/resources/3d/engine/editor/assets/default_renderpipeline/builtin-pipeline-types.ts from cce:/internal/x/prerequisite-imports as file:///D:/ProgramData/cocos/editors/Creator/3.8.5/resources/resources/3d/engine/editor/assets/default_renderpipeline/builtin-pipeline-types.ts.
17:27:43.733 debug: Resolve file:///D:/ProgramData/cocos/editors/Creator/3.8.5/resources/resources/3d/engine/editor/assets/default_renderpipeline/builtin-pipeline.ts from cce:/internal/x/prerequisite-imports as file:///D:/ProgramData/cocos/editors/Creator/3.8.5/resources/resources/3d/engine/editor/assets/default_renderpipeline/builtin-pipeline.ts.
17:27:43.734 debug: Resolve file:///D:/ProgramData/cocos/editors/Creator/3.8.5/resources/resources/3d/engine/editor/assets/tools/debug-view-runtime-control.ts from cce:/internal/x/prerequisite-imports as file:///D:/ProgramData/cocos/editors/Creator/3.8.5/resources/resources/3d/engine/editor/assets/tools/debug-view-runtime-control.ts.
17:27:43.737 debug: Resolve file:///D:/Users/cocos/MirClent/assets/script/MoveSprite.ts from cce:/internal/x/prerequisite-imports as file:///D:/Users/cocos/MirClent/assets/script/MoveSprite.ts.
17:27:43.737 debug: Inspect file:///D:/Users/cocos/MirClent/assets/script/MoveSprite.ts
17:27:43.813 debug: transform url: 'file:///D:/Users/cocos/MirClent/assets/script/MoveSprite.ts' costs: 75.80 ms
17:27:43.814 debug: Resolve cc from file:///D:/Users/cocos/MirClent/assets/script/MoveSprite.ts as cce:/internal/x/cc.
17:27:43.815 debug: Resolve cc from file:///D:/Users/cocos/MirClent/assets/script/MoveSprite.ts as cce:/internal/x/cc.
17:27:43.815 debug: Resolve cc from file:///D:/Users/cocos/MirClent/assets/script/MoveSprite.ts as cce:/internal/x/cc.
17:27:43.823 debug: Target(editor) ends with cost 114.22829999984242ms.
17:27:43.824 debug: Target(preview) build started.
17:27:43.827 debug: Detected change: cce:/internal/x/prerequisite-imports. Last mtime: Thu Jan 01 1970 08:00:39 GMT+0800 (中国标准时间), Current mtime: Thu Jan 01 1970 08:20:11 GMT+0800 (中国标准时间)
17:27:43.827 debug: Inspect cce:/internal/x/prerequisite-imports
17:27:43.850 debug: transform url: 'cce:/internal/x/prerequisite-imports' costs: 22.50 ms
17:27:43.852 debug: Resolve file:///D:/ProgramData/cocos/editors/Creator/3.8.5/resources/resources/3d/engine/editor/assets/default_renderpipeline/builtin-dof-pass.ts from cce:/internal/x/prerequisite-imports as file:///D:/ProgramData/cocos/editors/Creator/3.8.5/resources/resources/3d/engine/editor/assets/default_renderpipeline/builtin-dof-pass.ts.
17:27:43.853 debug: Resolve file:///D:/ProgramData/cocos/editors/Creator/3.8.5/resources/resources/3d/engine/editor/assets/default_renderpipeline/builtin-pipeline-pass.ts from cce:/internal/x/prerequisite-imports as file:///D:/ProgramData/cocos/editors/Creator/3.8.5/resources/resources/3d/engine/editor/assets/default_renderpipeline/builtin-pipeline-pass.ts.
17:27:43.854 debug: Resolve file:///D:/ProgramData/cocos/editors/Creator/3.8.5/resources/resources/3d/engine/editor/assets/default_renderpipeline/builtin-pipeline-settings.ts from cce:/internal/x/prerequisite-imports as file:///D:/ProgramData/cocos/editors/Creator/3.8.5/resources/resources/3d/engine/editor/assets/default_renderpipeline/builtin-pipeline-settings.ts.
17:27:43.856 debug: Resolve file:///D:/ProgramData/cocos/editors/Creator/3.8.5/resources/resources/3d/engine/editor/assets/default_renderpipeline/builtin-pipeline-types.ts from cce:/internal/x/prerequisite-imports as file:///D:/ProgramData/cocos/editors/Creator/3.8.5/resources/resources/3d/engine/editor/assets/default_renderpipeline/builtin-pipeline-types.ts.
17:27:43.857 debug: Resolve file:///D:/ProgramData/cocos/editors/Creator/3.8.5/resources/resources/3d/engine/editor/assets/default_renderpipeline/builtin-pipeline.ts from cce:/internal/x/prerequisite-imports as file:///D:/ProgramData/cocos/editors/Creator/3.8.5/resources/resources/3d/engine/editor/assets/default_renderpipeline/builtin-pipeline.ts.
17:27:43.860 debug: Resolve file:///D:/ProgramData/cocos/editors/Creator/3.8.5/resources/resources/3d/engine/editor/assets/tools/debug-view-runtime-control.ts from cce:/internal/x/prerequisite-imports as file:///D:/ProgramData/cocos/editors/Creator/3.8.5/resources/resources/3d/engine/editor/assets/tools/debug-view-runtime-control.ts.
17:27:43.861 debug: Resolve file:///D:/Users/cocos/MirClent/assets/script/MoveSprite.ts from cce:/internal/x/prerequisite-imports as file:///D:/Users/cocos/MirClent/assets/script/MoveSprite.ts.
17:27:43.862 debug: Inspect file:///D:/Users/cocos/MirClent/assets/script/MoveSprite.ts
17:27:43.935 debug: transform url: 'file:///D:/Users/cocos/MirClent/assets/script/MoveSprite.ts' costs: 73.20 ms
17:27:43.937 debug: Resolve cc from file:///D:/Users/cocos/MirClent/assets/script/MoveSprite.ts as cce:/internal/x/cc.
17:27:43.937 debug: Resolve cc from file:///D:/Users/cocos/MirClent/assets/script/MoveSprite.ts as cce:/internal/x/cc.
17:27:43.937 debug: Resolve cc from file:///D:/Users/cocos/MirClent/assets/script/MoveSprite.ts as cce:/internal/x/cc.
17:27:43.949 debug: Target(preview) ends with cost 125.45019999984652ms.
17:42:05.744 debug: Dispatch build request for time accumulated 1 asset changes.
17:42:05.745 debug: Build iteration starts.
Number of accumulated asset changes: 1
Feature changed: false
17:42:05.745 debug: Target(editor) build started.
17:42:05.748 debug: Detected change: cce:/internal/x/prerequisite-imports. Last mtime: Thu Jan 01 1970 08:20:11 GMT+0800 (中国标准时间), Current mtime: Thu Jan 01 1970 08:34:33 GMT+0800 (中国标准时间)
17:42:05.749 debug: Inspect cce:/internal/x/prerequisite-imports
17:42:05.761 debug: transform url: 'cce:/internal/x/prerequisite-imports' costs: 12.80 ms
17:42:05.763 debug: Resolve file:///D:/ProgramData/cocos/editors/Creator/3.8.5/resources/resources/3d/engine/editor/assets/default_renderpipeline/builtin-dof-pass.ts from cce:/internal/x/prerequisite-imports as file:///D:/ProgramData/cocos/editors/Creator/3.8.5/resources/resources/3d/engine/editor/assets/default_renderpipeline/builtin-dof-pass.ts.
17:42:05.764 debug: Resolve file:///D:/ProgramData/cocos/editors/Creator/3.8.5/resources/resources/3d/engine/editor/assets/default_renderpipeline/builtin-pipeline-pass.ts from cce:/internal/x/prerequisite-imports as file:///D:/ProgramData/cocos/editors/Creator/3.8.5/resources/resources/3d/engine/editor/assets/default_renderpipeline/builtin-pipeline-pass.ts.
17:42:05.765 debug: Resolve file:///D:/ProgramData/cocos/editors/Creator/3.8.5/resources/resources/3d/engine/editor/assets/default_renderpipeline/builtin-pipeline-settings.ts from cce:/internal/x/prerequisite-imports as file:///D:/ProgramData/cocos/editors/Creator/3.8.5/resources/resources/3d/engine/editor/assets/default_renderpipeline/builtin-pipeline-settings.ts.
17:42:05.766 debug: Resolve file:///D:/ProgramData/cocos/editors/Creator/3.8.5/resources/resources/3d/engine/editor/assets/default_renderpipeline/builtin-pipeline-types.ts from cce:/internal/x/prerequisite-imports as file:///D:/ProgramData/cocos/editors/Creator/3.8.5/resources/resources/3d/engine/editor/assets/default_renderpipeline/builtin-pipeline-types.ts.
17:42:05.767 debug: Resolve file:///D:/ProgramData/cocos/editors/Creator/3.8.5/resources/resources/3d/engine/editor/assets/default_renderpipeline/builtin-pipeline.ts from cce:/internal/x/prerequisite-imports as file:///D:/ProgramData/cocos/editors/Creator/3.8.5/resources/resources/3d/engine/editor/assets/default_renderpipeline/builtin-pipeline.ts.
17:42:05.768 debug: Resolve file:///D:/ProgramData/cocos/editors/Creator/3.8.5/resources/resources/3d/engine/editor/assets/tools/debug-view-runtime-control.ts from cce:/internal/x/prerequisite-imports as file:///D:/ProgramData/cocos/editors/Creator/3.8.5/resources/resources/3d/engine/editor/assets/tools/debug-view-runtime-control.ts.
17:42:05.768 debug: Resolve file:///D:/Users/cocos/MirClent/assets/script/MoveSprite.ts from cce:/internal/x/prerequisite-imports as file:///D:/Users/cocos/MirClent/assets/script/MoveSprite.ts.
17:42:05.768 debug: Detected change: file:///D:/Users/cocos/MirClent/assets/script/MoveSprite.ts. Last mtime: Tue Apr 01 2025 16:56:47 GMT+0800 (中国标准时间)@94d35054-3107-4b6d-866f-842c155eeb7d, Current mtime: Tue Apr 01 2025 17:42:01 GMT+0800 (中国标准时间)@94d35054-3107-4b6d-866f-842c155eeb7d
17:42:05.768 debug: Inspect file:///D:/Users/cocos/MirClent/assets/script/MoveSprite.ts
17:42:05.817 debug: transform url: 'file:///D:/Users/cocos/MirClent/assets/script/MoveSprite.ts' costs: 48.60 ms
17:42:05.819 debug: Resolve cc from file:///D:/Users/cocos/MirClent/assets/script/MoveSprite.ts as cce:/internal/x/cc.
17:42:05.819 debug: Resolve cc from file:///D:/Users/cocos/MirClent/assets/script/MoveSprite.ts as cce:/internal/x/cc.
17:42:05.819 debug: Resolve cc from file:///D:/Users/cocos/MirClent/assets/script/MoveSprite.ts as cce:/internal/x/cc.
17:42:05.828 debug: Target(editor) ends with cost 82.83479999983683ms.
17:42:05.829 debug: Target(preview) build started.
17:42:05.832 debug: Detected change: cce:/internal/x/prerequisite-imports. Last mtime: Thu Jan 01 1970 08:20:11 GMT+0800 (中国标准时间), Current mtime: Thu Jan 01 1970 08:34:33 GMT+0800 (中国标准时间)
17:42:05.832 debug: Inspect cce:/internal/x/prerequisite-imports
17:42:05.855 debug: transform url: 'cce:/internal/x/prerequisite-imports' costs: 22.70 ms
17:42:05.857 debug: Resolve file:///D:/ProgramData/cocos/editors/Creator/3.8.5/resources/resources/3d/engine/editor/assets/default_renderpipeline/builtin-dof-pass.ts from cce:/internal/x/prerequisite-imports as file:///D:/ProgramData/cocos/editors/Creator/3.8.5/resources/resources/3d/engine/editor/assets/default_renderpipeline/builtin-dof-pass.ts.
17:42:05.866 debug: Resolve file:///D:/ProgramData/cocos/editors/Creator/3.8.5/resources/resources/3d/engine/editor/assets/default_renderpipeline/builtin-pipeline-pass.ts from cce:/internal/x/prerequisite-imports as file:///D:/ProgramData/cocos/editors/Creator/3.8.5/resources/resources/3d/engine/editor/assets/default_renderpipeline/builtin-pipeline-pass.ts.
17:42:05.867 debug: Resolve file:///D:/ProgramData/cocos/editors/Creator/3.8.5/resources/resources/3d/engine/editor/assets/default_renderpipeline/builtin-pipeline-settings.ts from cce:/internal/x/prerequisite-imports as file:///D:/ProgramData/cocos/editors/Creator/3.8.5/resources/resources/3d/engine/editor/assets/default_renderpipeline/builtin-pipeline-settings.ts.
17:42:05.868 debug: Resolve file:///D:/ProgramData/cocos/editors/Creator/3.8.5/resources/resources/3d/engine/editor/assets/default_renderpipeline/builtin-pipeline-types.ts from cce:/internal/x/prerequisite-imports as file:///D:/ProgramData/cocos/editors/Creator/3.8.5/resources/resources/3d/engine/editor/assets/default_renderpipeline/builtin-pipeline-types.ts.
17:42:05.869 debug: Resolve file:///D:/ProgramData/cocos/editors/Creator/3.8.5/resources/resources/3d/engine/editor/assets/default_renderpipeline/builtin-pipeline.ts from cce:/internal/x/prerequisite-imports as file:///D:/ProgramData/cocos/editors/Creator/3.8.5/resources/resources/3d/engine/editor/assets/default_renderpipeline/builtin-pipeline.ts.
17:42:05.870 debug: Resolve file:///D:/ProgramData/cocos/editors/Creator/3.8.5/resources/resources/3d/engine/editor/assets/tools/debug-view-runtime-control.ts from cce:/internal/x/prerequisite-imports as file:///D:/ProgramData/cocos/editors/Creator/3.8.5/resources/resources/3d/engine/editor/assets/tools/debug-view-runtime-control.ts.
17:42:05.871 debug: Resolve file:///D:/Users/cocos/MirClent/assets/script/MoveSprite.ts from cce:/internal/x/prerequisite-imports as file:///D:/Users/cocos/MirClent/assets/script/MoveSprite.ts.
17:42:05.871 debug: Detected change: file:///D:/Users/cocos/MirClent/assets/script/MoveSprite.ts. Last mtime: Tue Apr 01 2025 16:56:47 GMT+0800 (中国标准时间)@94d35054-3107-4b6d-866f-842c155eeb7d, Current mtime: Tue Apr 01 2025 17:42:01 GMT+0800 (中国标准时间)@94d35054-3107-4b6d-866f-842c155eeb7d
17:42:05.871 debug: Inspect file:///D:/Users/cocos/MirClent/assets/script/MoveSprite.ts
17:42:05.970 debug: transform url: 'file:///D:/Users/cocos/MirClent/assets/script/MoveSprite.ts' costs: 98.70 ms
17:42:05.972 debug: Resolve cc from file:///D:/Users/cocos/MirClent/assets/script/MoveSprite.ts as cce:/internal/x/cc.
17:42:05.973 debug: Resolve cc from file:///D:/Users/cocos/MirClent/assets/script/MoveSprite.ts as cce:/internal/x/cc.
17:42:05.973 debug: Resolve cc from file:///D:/Users/cocos/MirClent/assets/script/MoveSprite.ts as cce:/internal/x/cc.
17:42:05.985 debug: Target(preview) ends with cost 156.33799999998882ms.
17:49:47.258 debug: Dispatch build request for time accumulated 1 asset changes.
17:49:47.260 debug: Build iteration starts.
Number of accumulated asset changes: 1
Feature changed: false
17:49:47.260 debug: Target(editor) build started.
17:49:47.263 debug: Detected change: cce:/internal/x/prerequisite-imports. Last mtime: Thu Jan 01 1970 08:34:33 GMT+0800 (中国标准时间), Current mtime: Thu Jan 01 1970 08:42:14 GMT+0800 (中国标准时间)
17:49:47.263 debug: Inspect cce:/internal/x/prerequisite-imports
17:49:47.277 debug: transform url: 'cce:/internal/x/prerequisite-imports' costs: 13.90 ms
17:49:47.279 debug: Resolve file:///D:/ProgramData/cocos/editors/Creator/3.8.5/resources/resources/3d/engine/editor/assets/default_renderpipeline/builtin-dof-pass.ts from cce:/internal/x/prerequisite-imports as file:///D:/ProgramData/cocos/editors/Creator/3.8.5/resources/resources/3d/engine/editor/assets/default_renderpipeline/builtin-dof-pass.ts.
17:49:47.280 debug: Resolve file:///D:/ProgramData/cocos/editors/Creator/3.8.5/resources/resources/3d/engine/editor/assets/default_renderpipeline/builtin-pipeline-pass.ts from cce:/internal/x/prerequisite-imports as file:///D:/ProgramData/cocos/editors/Creator/3.8.5/resources/resources/3d/engine/editor/assets/default_renderpipeline/builtin-pipeline-pass.ts.
17:49:47.280 debug: Resolve file:///D:/ProgramData/cocos/editors/Creator/3.8.5/resources/resources/3d/engine/editor/assets/default_renderpipeline/builtin-pipeline-settings.ts from cce:/internal/x/prerequisite-imports as file:///D:/ProgramData/cocos/editors/Creator/3.8.5/resources/resources/3d/engine/editor/assets/default_renderpipeline/builtin-pipeline-settings.ts.
17:49:47.281 debug: Resolve file:///D:/ProgramData/cocos/editors/Creator/3.8.5/resources/resources/3d/engine/editor/assets/default_renderpipeline/builtin-pipeline-types.ts from cce:/internal/x/prerequisite-imports as file:///D:/ProgramData/cocos/editors/Creator/3.8.5/resources/resources/3d/engine/editor/assets/default_renderpipeline/builtin-pipeline-types.ts.
17:49:47.282 debug: Resolve file:///D:/ProgramData/cocos/editors/Creator/3.8.5/resources/resources/3d/engine/editor/assets/default_renderpipeline/builtin-pipeline.ts from cce:/internal/x/prerequisite-imports as file:///D:/ProgramData/cocos/editors/Creator/3.8.5/resources/resources/3d/engine/editor/assets/default_renderpipeline/builtin-pipeline.ts.
17:49:47.283 debug: Resolve file:///D:/ProgramData/cocos/editors/Creator/3.8.5/resources/resources/3d/engine/editor/assets/tools/debug-view-runtime-control.ts from cce:/internal/x/prerequisite-imports as file:///D:/ProgramData/cocos/editors/Creator/3.8.5/resources/resources/3d/engine/editor/assets/tools/debug-view-runtime-control.ts.
17:49:47.284 debug: Resolve file:///D:/Users/cocos/MirClent/assets/script/MoveSprite.ts from cce:/internal/x/prerequisite-imports as file:///D:/Users/cocos/MirClent/assets/script/MoveSprite.ts.
17:49:47.284 debug: Detected change: file:///D:/Users/cocos/MirClent/assets/script/MoveSprite.ts. Last mtime: Tue Apr 01 2025 17:42:01 GMT+0800 (中国标准时间)@94d35054-3107-4b6d-866f-842c155eeb7d, Current mtime: Tue Apr 01 2025 17:49:41 GMT+0800 (中国标准时间)@94d35054-3107-4b6d-866f-842c155eeb7d
17:49:47.284 debug: Inspect file:///D:/Users/cocos/MirClent/assets/script/MoveSprite.ts
17:49:47.343 debug: transform url: 'file:///D:/Users/cocos/MirClent/assets/script/MoveSprite.ts' costs: 58.80 ms
17:49:47.345 debug: Resolve cc from file:///D:/Users/cocos/MirClent/assets/script/MoveSprite.ts as cce:/internal/x/cc.
17:49:47.345 debug: Resolve cc from file:///D:/Users/cocos/MirClent/assets/script/MoveSprite.ts as cce:/internal/x/cc.
17:49:47.345 debug: Resolve cc from file:///D:/Users/cocos/MirClent/assets/script/MoveSprite.ts as cce:/internal/x/cc.
17:49:47.356 debug: Target(editor) ends with cost 95.4918999997899ms.
17:49:47.356 debug: Target(preview) build started.
17:49:47.359 debug: Detected change: cce:/internal/x/prerequisite-imports. Last mtime: Thu Jan 01 1970 08:34:33 GMT+0800 (中国标准时间), Current mtime: Thu Jan 01 1970 08:42:14 GMT+0800 (中国标准时间)
17:49:47.359 debug: Inspect cce:/internal/x/prerequisite-imports
17:49:47.379 debug: transform url: 'cce:/internal/x/prerequisite-imports' costs: 19.10 ms
17:49:47.380 debug: Resolve file:///D:/ProgramData/cocos/editors/Creator/3.8.5/resources/resources/3d/engine/editor/assets/default_renderpipeline/builtin-dof-pass.ts from cce:/internal/x/prerequisite-imports as file:///D:/ProgramData/cocos/editors/Creator/3.8.5/resources/resources/3d/engine/editor/assets/default_renderpipeline/builtin-dof-pass.ts.
17:49:47.382 debug: Resolve file:///D:/ProgramData/cocos/editors/Creator/3.8.5/resources/resources/3d/engine/editor/assets/default_renderpipeline/builtin-pipeline-pass.ts from cce:/internal/x/prerequisite-imports as file:///D:/ProgramData/cocos/editors/Creator/3.8.5/resources/resources/3d/engine/editor/assets/default_renderpipeline/builtin-pipeline-pass.ts.
17:49:47.383 debug: Resolve file:///D:/ProgramData/cocos/editors/Creator/3.8.5/resources/resources/3d/engine/editor/assets/default_renderpipeline/builtin-pipeline-settings.ts from cce:/internal/x/prerequisite-imports as file:///D:/ProgramData/cocos/editors/Creator/3.8.5/resources/resources/3d/engine/editor/assets/default_renderpipeline/builtin-pipeline-settings.ts.
17:49:47.384 debug: Resolve file:///D:/ProgramData/cocos/editors/Creator/3.8.5/resources/resources/3d/engine/editor/assets/default_renderpipeline/builtin-pipeline-types.ts from cce:/internal/x/prerequisite-imports as file:///D:/ProgramData/cocos/editors/Creator/3.8.5/resources/resources/3d/engine/editor/assets/default_renderpipeline/builtin-pipeline-types.ts.
17:49:47.385 debug: Resolve file:///D:/ProgramData/cocos/editors/Creator/3.8.5/resources/resources/3d/engine/editor/assets/default_renderpipeline/builtin-pipeline.ts from cce:/internal/x/prerequisite-imports as file:///D:/ProgramData/cocos/editors/Creator/3.8.5/resources/resources/3d/engine/editor/assets/default_renderpipeline/builtin-pipeline.ts.
17:49:47.386 debug: Resolve file:///D:/ProgramData/cocos/editors/Creator/3.8.5/resources/resources/3d/engine/editor/assets/tools/debug-view-runtime-control.ts from cce:/internal/x/prerequisite-imports as file:///D:/ProgramData/cocos/editors/Creator/3.8.5/resources/resources/3d/engine/editor/assets/tools/debug-view-runtime-control.ts.
17:49:47.387 debug: Resolve file:///D:/Users/cocos/MirClent/assets/script/MoveSprite.ts from cce:/internal/x/prerequisite-imports as file:///D:/Users/cocos/MirClent/assets/script/MoveSprite.ts.
17:49:47.387 debug: Detected change: file:///D:/Users/cocos/MirClent/assets/script/MoveSprite.ts. Last mtime: Tue Apr 01 2025 17:42:01 GMT+0800 (中国标准时间)@94d35054-3107-4b6d-866f-842c155eeb7d, Current mtime: Tue Apr 01 2025 17:49:41 GMT+0800 (中国标准时间)@94d35054-3107-4b6d-866f-842c155eeb7d
17:49:47.387 debug: Inspect file:///D:/Users/cocos/MirClent/assets/script/MoveSprite.ts
17:49:47.442 debug: transform url: 'file:///D:/Users/cocos/MirClent/assets/script/MoveSprite.ts' costs: 54.40 ms
17:49:47.443 debug: Resolve cc from file:///D:/Users/cocos/MirClent/assets/script/MoveSprite.ts as cce:/internal/x/cc.
17:49:47.443 debug: Resolve cc from file:///D:/Users/cocos/MirClent/assets/script/MoveSprite.ts as cce:/internal/x/cc.
17:49:47.443 debug: Resolve cc from file:///D:/Users/cocos/MirClent/assets/script/MoveSprite.ts as cce:/internal/x/cc.
17:49:47.457 debug: Target(preview) ends with cost 100.9285999997519ms.
17:53:08.263 debug: Dispatch build request for time accumulated 1 asset changes.
17:53:08.265 debug: Build iteration starts.
Number of accumulated asset changes: 1
Feature changed: false
17:53:08.265 debug: Target(editor) build started.
17:53:08.268 debug: Detected change: cce:/internal/x/prerequisite-imports. Last mtime: Thu Jan 01 1970 08:42:14 GMT+0800 (中国标准时间), Current mtime: Thu Jan 01 1970 08:45:35 GMT+0800 (中国标准时间)
17:53:08.268 debug: Inspect cce:/internal/x/prerequisite-imports
17:53:08.287 debug: transform url: 'cce:/internal/x/prerequisite-imports' costs: 18.40 ms
17:53:08.289 debug: Resolve file:///D:/ProgramData/cocos/editors/Creator/3.8.5/resources/resources/3d/engine/editor/assets/default_renderpipeline/builtin-dof-pass.ts from cce:/internal/x/prerequisite-imports as file:///D:/ProgramData/cocos/editors/Creator/3.8.5/resources/resources/3d/engine/editor/assets/default_renderpipeline/builtin-dof-pass.ts.
17:53:08.290 debug: Resolve file:///D:/ProgramData/cocos/editors/Creator/3.8.5/resources/resources/3d/engine/editor/assets/default_renderpipeline/builtin-pipeline-pass.ts from cce:/internal/x/prerequisite-imports as file:///D:/ProgramData/cocos/editors/Creator/3.8.5/resources/resources/3d/engine/editor/assets/default_renderpipeline/builtin-pipeline-pass.ts.
17:53:08.291 debug: Resolve file:///D:/ProgramData/cocos/editors/Creator/3.8.5/resources/resources/3d/engine/editor/assets/default_renderpipeline/builtin-pipeline-settings.ts from cce:/internal/x/prerequisite-imports as file:///D:/ProgramData/cocos/editors/Creator/3.8.5/resources/resources/3d/engine/editor/assets/default_renderpipeline/builtin-pipeline-settings.ts.
17:53:08.292 debug: Resolve file:///D:/ProgramData/cocos/editors/Creator/3.8.5/resources/resources/3d/engine/editor/assets/default_renderpipeline/builtin-pipeline-types.ts from cce:/internal/x/prerequisite-imports as file:///D:/ProgramData/cocos/editors/Creator/3.8.5/resources/resources/3d/engine/editor/assets/default_renderpipeline/builtin-pipeline-types.ts.
17:53:08.293 debug: Resolve file:///D:/ProgramData/cocos/editors/Creator/3.8.5/resources/resources/3d/engine/editor/assets/default_renderpipeline/builtin-pipeline.ts from cce:/internal/x/prerequisite-imports as file:///D:/ProgramData/cocos/editors/Creator/3.8.5/resources/resources/3d/engine/editor/assets/default_renderpipeline/builtin-pipeline.ts.
17:53:08.294 debug: Resolve file:///D:/ProgramData/cocos/editors/Creator/3.8.5/resources/resources/3d/engine/editor/assets/tools/debug-view-runtime-control.ts from cce:/internal/x/prerequisite-imports as file:///D:/ProgramData/cocos/editors/Creator/3.8.5/resources/resources/3d/engine/editor/assets/tools/debug-view-runtime-control.ts.
17:53:08.295 debug: Resolve file:///D:/Users/cocos/MirClent/assets/script/MoveSprite.ts from cce:/internal/x/prerequisite-imports as file:///D:/Users/cocos/MirClent/assets/script/MoveSprite.ts.
17:53:08.295 debug: Detected change: file:///D:/Users/cocos/MirClent/assets/script/MoveSprite.ts. Last mtime: Tue Apr 01 2025 17:49:41 GMT+0800 (中国标准时间)@94d35054-3107-4b6d-866f-842c155eeb7d, Current mtime: Tue Apr 01 2025 17:53:01 GMT+0800 (中国标准时间)@94d35054-3107-4b6d-866f-842c155eeb7d
17:53:08.295 debug: Inspect file:///D:/Users/cocos/MirClent/assets/script/MoveSprite.ts
17:53:08.361 debug: transform url: 'file:///D:/Users/cocos/MirClent/assets/script/MoveSprite.ts' costs: 65.30 ms
17:53:08.362 debug: Resolve cc from file:///D:/Users/cocos/MirClent/assets/script/MoveSprite.ts as cce:/internal/x/cc.
17:53:08.362 debug: Resolve cc from file:///D:/Users/cocos/MirClent/assets/script/MoveSprite.ts as cce:/internal/x/cc.
17:53:08.363 debug: Resolve cc from file:///D:/Users/cocos/MirClent/assets/script/MoveSprite.ts as cce:/internal/x/cc.
17:53:08.381 debug: Target(editor) ends with cost 115.55770000023767ms.
17:53:08.383 debug: Target(preview) build started.
17:53:08.401 debug: Detected change: cce:/internal/x/prerequisite-imports. Last mtime: Thu Jan 01 1970 08:42:14 GMT+0800 (中国标准时间), Current mtime: Thu Jan 01 1970 08:45:35 GMT+0800 (中国标准时间)
17:53:08.402 debug: Inspect cce:/internal/x/prerequisite-imports
17:53:08.425 debug: transform url: 'cce:/internal/x/prerequisite-imports' costs: 20.90 ms
17:53:08.427 debug: Resolve file:///D:/ProgramData/cocos/editors/Creator/3.8.5/resources/resources/3d/engine/editor/assets/default_renderpipeline/builtin-dof-pass.ts from cce:/internal/x/prerequisite-imports as file:///D:/ProgramData/cocos/editors/Creator/3.8.5/resources/resources/3d/engine/editor/assets/default_renderpipeline/builtin-dof-pass.ts.
17:53:08.429 debug: Resolve file:///D:/ProgramData/cocos/editors/Creator/3.8.5/resources/resources/3d/engine/editor/assets/default_renderpipeline/builtin-pipeline-pass.ts from cce:/internal/x/prerequisite-imports as file:///D:/ProgramData/cocos/editors/Creator/3.8.5/resources/resources/3d/engine/editor/assets/default_renderpipeline/builtin-pipeline-pass.ts.
17:53:08.432 debug: Resolve file:///D:/ProgramData/cocos/editors/Creator/3.8.5/resources/resources/3d/engine/editor/assets/default_renderpipeline/builtin-pipeline-settings.ts from cce:/internal/x/prerequisite-imports as file:///D:/ProgramData/cocos/editors/Creator/3.8.5/resources/resources/3d/engine/editor/assets/default_renderpipeline/builtin-pipeline-settings.ts.
17:53:08.433 debug: Resolve file:///D:/ProgramData/cocos/editors/Creator/3.8.5/resources/resources/3d/engine/editor/assets/default_renderpipeline/builtin-pipeline-types.ts from cce:/internal/x/prerequisite-imports as file:///D:/ProgramData/cocos/editors/Creator/3.8.5/resources/resources/3d/engine/editor/assets/default_renderpipeline/builtin-pipeline-types.ts.
17:53:08.433 debug: Resolve file:///D:/ProgramData/cocos/editors/Creator/3.8.5/resources/resources/3d/engine/editor/assets/default_renderpipeline/builtin-pipeline.ts from cce:/internal/x/prerequisite-imports as file:///D:/ProgramData/cocos/editors/Creator/3.8.5/resources/resources/3d/engine/editor/assets/default_renderpipeline/builtin-pipeline.ts.
17:53:08.434 debug: Resolve file:///D:/ProgramData/cocos/editors/Creator/3.8.5/resources/resources/3d/engine/editor/assets/tools/debug-view-runtime-control.ts from cce:/internal/x/prerequisite-imports as file:///D:/ProgramData/cocos/editors/Creator/3.8.5/resources/resources/3d/engine/editor/assets/tools/debug-view-runtime-control.ts.
17:53:08.435 debug: Resolve file:///D:/Users/cocos/MirClent/assets/script/MoveSprite.ts from cce:/internal/x/prerequisite-imports as file:///D:/Users/cocos/MirClent/assets/script/MoveSprite.ts.
17:53:08.435 debug: Detected change: file:///D:/Users/cocos/MirClent/assets/script/MoveSprite.ts. Last mtime: Tue Apr 01 2025 17:49:41 GMT+0800 (中国标准时间)@94d35054-3107-4b6d-866f-842c155eeb7d, Current mtime: Tue Apr 01 2025 17:53:01 GMT+0800 (中国标准时间)@94d35054-3107-4b6d-866f-842c155eeb7d
17:53:08.435 debug: Inspect file:///D:/Users/cocos/MirClent/assets/script/MoveSprite.ts
17:53:08.591 debug: transform url: 'file:///D:/Users/cocos/MirClent/assets/script/MoveSprite.ts' costs: 156.10 ms
17:53:08.593 debug: Resolve cc from file:///D:/Users/cocos/MirClent/assets/script/MoveSprite.ts as cce:/internal/x/cc.
17:53:08.594 debug: Resolve cc from file:///D:/Users/cocos/MirClent/assets/script/MoveSprite.ts as cce:/internal/x/cc.
17:53:08.594 debug: Resolve cc from file:///D:/Users/cocos/MirClent/assets/script/MoveSprite.ts as cce:/internal/x/cc.
17:53:08.608 debug: Target(preview) ends with cost 224.90890000015497ms.
21:30:47.771 debug: Dispatch build request for time accumulated 1 asset changes.
21:30:47.778 debug: Build iteration starts.
Number of accumulated asset changes: 1
Feature changed: false
21:30:47.780 debug: Target(editor) build started.
21:30:47.787 debug: Detected change: cce:/internal/x/prerequisite-imports. Last mtime: Thu Jan 01 1970 08:45:35 GMT+0800 (中国标准时间), Current mtime: Thu Jan 01 1970 12:23:15 GMT+0800 (中国标准时间)
21:30:47.787 debug: Inspect cce:/internal/x/prerequisite-imports
21:30:47.818 debug: transform url: 'cce:/internal/x/prerequisite-imports' costs: 30.90 ms
21:30:47.821 debug: Resolve file:///D:/ProgramData/cocos/editors/Creator/3.8.5/resources/resources/3d/engine/editor/assets/default_renderpipeline/builtin-dof-pass.ts from cce:/internal/x/prerequisite-imports as file:///D:/ProgramData/cocos/editors/Creator/3.8.5/resources/resources/3d/engine/editor/assets/default_renderpipeline/builtin-dof-pass.ts.
21:30:47.822 debug: Resolve file:///D:/ProgramData/cocos/editors/Creator/3.8.5/resources/resources/3d/engine/editor/assets/default_renderpipeline/builtin-pipeline-pass.ts from cce:/internal/x/prerequisite-imports as file:///D:/ProgramData/cocos/editors/Creator/3.8.5/resources/resources/3d/engine/editor/assets/default_renderpipeline/builtin-pipeline-pass.ts.
21:30:47.823 debug: Resolve file:///D:/ProgramData/cocos/editors/Creator/3.8.5/resources/resources/3d/engine/editor/assets/default_renderpipeline/builtin-pipeline-settings.ts from cce:/internal/x/prerequisite-imports as file:///D:/ProgramData/cocos/editors/Creator/3.8.5/resources/resources/3d/engine/editor/assets/default_renderpipeline/builtin-pipeline-settings.ts.
21:30:47.824 debug: Resolve file:///D:/ProgramData/cocos/editors/Creator/3.8.5/resources/resources/3d/engine/editor/assets/default_renderpipeline/builtin-pipeline-types.ts from cce:/internal/x/prerequisite-imports as file:///D:/ProgramData/cocos/editors/Creator/3.8.5/resources/resources/3d/engine/editor/assets/default_renderpipeline/builtin-pipeline-types.ts.
21:30:47.824 debug: Resolve file:///D:/ProgramData/cocos/editors/Creator/3.8.5/resources/resources/3d/engine/editor/assets/default_renderpipeline/builtin-pipeline.ts from cce:/internal/x/prerequisite-imports as file:///D:/ProgramData/cocos/editors/Creator/3.8.5/resources/resources/3d/engine/editor/assets/default_renderpipeline/builtin-pipeline.ts.
21:30:47.825 debug: Resolve file:///D:/ProgramData/cocos/editors/Creator/3.8.5/resources/resources/3d/engine/editor/assets/tools/debug-view-runtime-control.ts from cce:/internal/x/prerequisite-imports as file:///D:/ProgramData/cocos/editors/Creator/3.8.5/resources/resources/3d/engine/editor/assets/tools/debug-view-runtime-control.ts.
21:30:47.826 debug: Resolve file:///D:/Users/cocos/MirClent/assets/script/MoveSprite.ts from cce:/internal/x/prerequisite-imports as file:///D:/Users/cocos/MirClent/assets/script/MoveSprite.ts.
21:30:47.826 debug: Detected change: file:///D:/Users/cocos/MirClent/assets/script/MoveSprite.ts. Last mtime: Tue Apr 01 2025 17:53:01 GMT+0800 (中国标准时间)@94d35054-3107-4b6d-866f-842c155eeb7d, Current mtime: Tue Apr 01 2025 17:58:27 GMT+0800 (中国标准时间)@94d35054-3107-4b6d-866f-842c155eeb7d
21:30:47.826 debug: Inspect file:///D:/Users/cocos/MirClent/assets/script/MoveSprite.ts
21:30:47.886 debug: transform url: 'file:///D:/Users/cocos/MirClent/assets/script/MoveSprite.ts' costs: 60.30 ms
21:30:47.889 debug: Resolve cc from file:///D:/Users/cocos/MirClent/assets/script/MoveSprite.ts as cce:/internal/x/cc.
21:30:47.889 debug: Resolve cc from file:///D:/Users/cocos/MirClent/assets/script/MoveSprite.ts as cce:/internal/x/cc.
21:30:47.889 debug: Resolve cc from file:///D:/Users/cocos/MirClent/assets/script/MoveSprite.ts as cce:/internal/x/cc.
21:30:47.899 debug: Target(editor) ends with cost 119.57320000045002ms.
21:30:47.900 debug: Target(preview) build started.
21:30:47.904 debug: Detected change: cce:/internal/x/prerequisite-imports. Last mtime: Thu Jan 01 1970 08:45:35 GMT+0800 (中国标准时间), Current mtime: Thu Jan 01 1970 12:23:15 GMT+0800 (中国标准时间)
21:30:47.904 debug: Inspect cce:/internal/x/prerequisite-imports
21:30:47.925 debug: transform url: 'cce:/internal/x/prerequisite-imports' costs: 20.80 ms
21:30:47.927 debug: Resolve file:///D:/ProgramData/cocos/editors/Creator/3.8.5/resources/resources/3d/engine/editor/assets/default_renderpipeline/builtin-dof-pass.ts from cce:/internal/x/prerequisite-imports as file:///D:/ProgramData/cocos/editors/Creator/3.8.5/resources/resources/3d/engine/editor/assets/default_renderpipeline/builtin-dof-pass.ts.
21:30:47.928 debug: Resolve file:///D:/ProgramData/cocos/editors/Creator/3.8.5/resources/resources/3d/engine/editor/assets/default_renderpipeline/builtin-pipeline-pass.ts from cce:/internal/x/prerequisite-imports as file:///D:/ProgramData/cocos/editors/Creator/3.8.5/resources/resources/3d/engine/editor/assets/default_renderpipeline/builtin-pipeline-pass.ts.
21:30:47.929 debug: Resolve file:///D:/ProgramData/cocos/editors/Creator/3.8.5/resources/resources/3d/engine/editor/assets/default_renderpipeline/builtin-pipeline-settings.ts from cce:/internal/x/prerequisite-imports as file:///D:/ProgramData/cocos/editors/Creator/3.8.5/resources/resources/3d/engine/editor/assets/default_renderpipeline/builtin-pipeline-settings.ts.
21:30:47.929 debug: Resolve file:///D:/ProgramData/cocos/editors/Creator/3.8.5/resources/resources/3d/engine/editor/assets/default_renderpipeline/builtin-pipeline-types.ts from cce:/internal/x/prerequisite-imports as file:///D:/ProgramData/cocos/editors/Creator/3.8.5/resources/resources/3d/engine/editor/assets/default_renderpipeline/builtin-pipeline-types.ts.
21:30:47.930 debug: Resolve file:///D:/ProgramData/cocos/editors/Creator/3.8.5/resources/resources/3d/engine/editor/assets/default_renderpipeline/builtin-pipeline.ts from cce:/internal/x/prerequisite-imports as file:///D:/ProgramData/cocos/editors/Creator/3.8.5/resources/resources/3d/engine/editor/assets/default_renderpipeline/builtin-pipeline.ts.
21:30:47.931 debug: Resolve file:///D:/ProgramData/cocos/editors/Creator/3.8.5/resources/resources/3d/engine/editor/assets/tools/debug-view-runtime-control.ts from cce:/internal/x/prerequisite-imports as file:///D:/ProgramData/cocos/editors/Creator/3.8.5/resources/resources/3d/engine/editor/assets/tools/debug-view-runtime-control.ts.
21:30:47.932 debug: Resolve file:///D:/Users/cocos/MirClent/assets/script/MoveSprite.ts from cce:/internal/x/prerequisite-imports as file:///D:/Users/cocos/MirClent/assets/script/MoveSprite.ts.
21:30:47.932 debug: Detected change: file:///D:/Users/cocos/MirClent/assets/script/MoveSprite.ts. Last mtime: Tue Apr 01 2025 17:53:01 GMT+0800 (中国标准时间)@94d35054-3107-4b6d-866f-842c155eeb7d, Current mtime: Tue Apr 01 2025 17:58:27 GMT+0800 (中国标准时间)@94d35054-3107-4b6d-866f-842c155eeb7d
21:30:47.932 debug: Inspect file:///D:/Users/cocos/MirClent/assets/script/MoveSprite.ts
21:30:48.063 debug: transform url: 'file:///D:/Users/cocos/MirClent/assets/script/MoveSprite.ts' costs: 129.80 ms
21:30:48.065 debug: Resolve cc from file:///D:/Users/cocos/MirClent/assets/script/MoveSprite.ts as cce:/internal/x/cc.
21:30:48.065 debug: Resolve cc from file:///D:/Users/cocos/MirClent/assets/script/MoveSprite.ts as cce:/internal/x/cc.
21:30:48.065 debug: Resolve cc from file:///D:/Users/cocos/MirClent/assets/script/MoveSprite.ts as cce:/internal/x/cc.
21:30:48.077 debug: Target(preview) ends with cost 177.24589999951422ms.
