2025-4-2 01:46:24-debug: start **** info
2025-4-2 01:46:25-log: Cannot access game frame or container.
2025-4-2 01:46:25-debug: asset-db:require-engine-code (1029ms)
2025-4-2 01:46:26-log: meshopt wasm decoder initialized
2025-4-2 01:46:26-log: [box2d]:box2d wasm lib loaded.
2025-4-2 01:46:26-log: [bullet]:bullet wasm lib loaded.
2025-4-2 01:46:26-log: Cocos Creator v3.8.5
2025-4-2 01:46:26-log: Using legacy pipeline
2025-4-2 01:46:26-log: Forward render pipeline initialized.
2025-4-2 01:46:26-debug: [Assets Memory track]: asset-db:worker-init: initEngine start:31.05MB, end 79.65MB, increase: 48.60MB
2025-4-2 01:46:26-debug: [Assets Memory track]: asset-db-plugin-register: programming start:80.51MB, end 83.97MB, increase: 3.46MB
2025-4-2 01:46:28-debug: [Assets Memory track]: asset-db-plugin-register: builder start:84.00MB, end 195.91MB, increase: 111.92MB
2025-4-2 01:46:28-debug: [Assets Memory track]: asset-db-plugin-register: project start:80.36MB, end 199.41MB, increase: 119.05MB
2025-4-2 01:46:28-debug: [Assets Memory track]: asset-db-plugin-register: engine-extends start:196.16MB, end 199.34MB, increase: 3.18MB
2025-4-2 01:46:28-debug: [Assets Memory track]: asset-db:worker-init: initPlugin start:79.67MB, end 199.44MB, increase: 119.76MB
2025-4-2 01:46:28-debug: asset-db:worker-init: initPlugin (1753ms)
2025-4-2 01:46:28-debug: [Assets Memory track]: asset-db:worker-init start:31.04MB, end 199.54MB, increase: 168.50MB
2025-4-2 01:46:28-debug: Run asset db hook programming:beforePreStart ...
2025-4-2 01:46:28-debug: Run asset db hook engine-extends:beforePreStart success!
2025-4-2 01:46:28-debug: Run asset db hook engine-extends:beforePreStart ...
2025-4-2 01:46:28-debug: Run asset db hook programming:beforePreStart success!
2025-4-2 01:46:29-debug: asset-db:worker-init (4662ms)
2025-4-2 01:46:29-debug: asset-db-hook-programming-beforePreStart (1437ms)
2025-4-2 01:46:29-debug: asset-db-hook-engine-extends-beforePreStart (1436ms)
2025-4-2 01:46:30-debug: Preimport db internal success
2025-4-2 01:46:30-debug: starting packer-driver...
2025-4-2 01:46:30-debug: Run asset db hook programming:afterPreStart ...
2025-4-2 01:46:30-debug: Preimport db assets success
2025-4-2 01:46:30-debug: initialize scripting environment...
2025-4-2 01:46:30-debug: [[Executor]] prepare before lock
2025-4-2 01:46:31-debug: Set detail map pack:///resolution-detail-map.json: {}
2025-4-2 01:46:31-debug: [[Executor]] prepare after unlock
2025-4-2 01:46:31-debug: Run asset db hook engine-extends:afterPreStart ...
2025-4-2 01:46:31-debug: Run asset db hook programming:afterPreStart success!
2025-4-2 01:46:32-debug: asset-db:worker-effect-data-processing (1335ms)
2025-4-2 01:46:32-debug: asset-db-hook-programming-afterPreStart (1768ms)
2025-4-2 01:46:31-debug: Run asset db hook engine-extends:afterPreStart success!
2025-4-2 01:46:31-debug: Start up the 'internal' database...
2025-4-2 01:46:32-debug: asset-db-hook-engine-extends-afterPreStart (1336ms)
2025-4-2 01:46:32-debug: Start up the 'assets' database...
2025-4-2 01:46:32-debug: %cImport%c: D:\Users\gitPro\MirClent\assets\scene.scenebackground: #aaff85; color: #000;color: #000;
2025-4-2 01:46:32-debug: asset-db:worker-startup-database[internal] (4343ms)
2025-4-2 01:46:32-debug: lazy register asset handler *
2025-4-2 01:46:32-debug: lazy register asset handler directory
2025-4-2 01:46:32-debug: lazy register asset handler dragonbones
2025-4-2 01:46:32-debug: lazy register asset handler dragonbones-atlas
2025-4-2 01:46:32-debug: lazy register asset handler terrain
2025-4-2 01:46:32-debug: lazy register asset handler javascript
2025-4-2 01:46:32-debug: lazy register asset handler typescript
2025-4-2 01:46:32-debug: lazy register asset handler json
2025-4-2 01:46:32-debug: lazy register asset handler spine-data
2025-4-2 01:46:32-debug: lazy register asset handler scene
2025-4-2 01:46:32-debug: lazy register asset handler sprite-frame
2025-4-2 01:46:32-debug: lazy register asset handler prefab
2025-4-2 01:46:32-debug: lazy register asset handler tiled-map
2025-4-2 01:46:32-debug: lazy register asset handler sign-image
2025-4-2 01:46:32-debug: lazy register asset handler alpha-image
2025-4-2 01:46:32-debug: lazy register asset handler texture
2025-4-2 01:46:32-debug: lazy register asset handler text
2025-4-2 01:46:32-debug: lazy register asset handler buffer
2025-4-2 01:46:32-debug: lazy register asset handler texture-cube
2025-4-2 01:46:32-debug: lazy register asset handler erp-texture-cube
2025-4-2 01:46:32-debug: lazy register asset handler texture-cube-face
2025-4-2 01:46:32-debug: lazy register asset handler image
2025-4-2 01:46:32-debug: lazy register asset handler render-texture
2025-4-2 01:46:32-debug: lazy register asset handler rt-sprite-frame
2025-4-2 01:46:32-debug: lazy register asset handler gltf
2025-4-2 01:46:32-debug: lazy register asset handler gltf-animation
2025-4-2 01:46:32-debug: lazy register asset handler gltf-material
2025-4-2 01:46:32-debug: lazy register asset handler gltf-mesh
2025-4-2 01:46:32-debug: lazy register asset handler gltf-skeleton
2025-4-2 01:46:32-debug: lazy register asset handler fbx
2025-4-2 01:46:32-debug: lazy register asset handler gltf-scene
2025-4-2 01:46:32-debug: lazy register asset handler gltf-embeded-image
2025-4-2 01:46:32-debug: lazy register asset handler effect
2025-4-2 01:46:32-debug: lazy register asset handler material
2025-4-2 01:46:32-debug: lazy register asset handler effect-header
2025-4-2 01:46:32-debug: lazy register asset handler animation-clip
2025-4-2 01:46:32-debug: lazy register asset handler physics-material
2025-4-2 01:46:32-debug: lazy register asset handler animation-graph
2025-4-2 01:46:32-debug: lazy register asset handler animation-graph-variant
2025-4-2 01:46:32-debug: lazy register asset handler audio-clip
2025-4-2 01:46:32-debug: lazy register asset handler animation-mask
2025-4-2 01:46:32-debug: lazy register asset handler ttf-font
2025-4-2 01:46:32-debug: lazy register asset handler bitmap-font
2025-4-2 01:46:32-debug: lazy register asset handler sprite-atlas
2025-4-2 01:46:32-debug: lazy register asset handler particle
2025-4-2 01:46:32-debug: lazy register asset handler label-atlas
2025-4-2 01:46:32-debug: lazy register asset handler render-pipeline
2025-4-2 01:46:32-debug: lazy register asset handler render-stage
2025-4-2 01:46:32-debug: lazy register asset handler instantiation-material
2025-4-2 01:46:32-debug: lazy register asset handler instantiation-mesh
2025-4-2 01:46:32-debug: lazy register asset handler instantiation-skeleton
2025-4-2 01:46:32-debug: lazy register asset handler instantiation-animation
2025-4-2 01:46:32-debug: lazy register asset handler render-flow
2025-4-2 01:46:32-debug: lazy register asset handler video-clip
2025-4-2 01:46:32-debug: lazy register asset handler auto-atlas
2025-4-2 01:46:32-debug: asset-db:worker-startup-database[assets] (2027ms)
2025-4-2 01:46:32-debug: asset-db:ready (12332ms)
2025-4-2 01:46:32-debug: asset-db:start-database (4449ms)
2025-4-2 01:46:32-debug: init worker message success
2025-4-2 01:46:32-debug: programming:execute-script (8ms)
2025-4-2 01:46:33-debug: [Build Memory track]: builder:worker-init start:160.45MB, end 174.30MB, increase: 13.85MB
2025-4-2 01:46:33-debug: builder:worker-init (603ms)
